[debug] [2025-05-08T07:18:17.323Z] ----------------------------------------------------------------------
[debug] [2025-05-08T07:18:17.329Z] Command:       /Users/t-daichi/.nvm/versions/node/v22.15.0/bin/node /Users/t-daichi/.nvm/versions/node/v22.15.0/bin/firebase deploy --only functions
[debug] [2025-05-08T07:18:17.330Z] CLI Version:   14.3.0
[debug] [2025-05-08T07:18:17.330Z] Platform:      darwin
[debug] [2025-05-08T07:18:17.330Z] Node Version:  v22.15.0
[debug] [2025-05-08T07:18:17.331Z] Time:          Thu May 08 2025 16:18:17 GMT+0900 (日本標準時)
[debug] [2025-05-08T07:18:17.332Z] ----------------------------------------------------------------------
[debug] 
[debug] [2025-05-08T07:18:17.856Z] > command requires scopes: ["email","openid","https://www.googleapis.com/auth/cloudplatformprojects.readonly","https://www.googleapis.com/auth/firebase","https://www.googleapis.com/auth/cloud-platform"]
[debug] [2025-05-08T07:18:17.857Z] > authorizing via signed-in user (info@2019showtime.com)
[debug] [2025-05-08T07:18:17.857Z] [iam] checking project tehai-carpenter for permissions ["cloudfunctions.functions.create","cloudfunctions.functions.delete","cloudfunctions.functions.get","cloudfunctions.functions.list","cloudfunctions.functions.update","cloudfunctions.operations.get","firebase.projects.get"]
[debug] [2025-05-08T07:18:17.859Z] Checked if tokens are valid: true, expires at: 1746689930322
[debug] [2025-05-08T07:18:17.859Z] Checked if tokens are valid: true, expires at: 1746689930322
[debug] [2025-05-08T07:18:17.860Z] >>> [apiv2][query] POST https://cloudresourcemanager.googleapis.com/v1/projects/tehai-carpenter:testIamPermissions [none]
[debug] [2025-05-08T07:18:17.861Z] >>> [apiv2][(partial)header] POST https://cloudresourcemanager.googleapis.com/v1/projects/tehai-carpenter:testIamPermissions x-goog-quota-user=projects/tehai-carpenter
[debug] [2025-05-08T07:18:17.861Z] >>> [apiv2][body] POST https://cloudresourcemanager.googleapis.com/v1/projects/tehai-carpenter:testIamPermissions {"permissions":["cloudfunctions.functions.create","cloudfunctions.functions.delete","cloudfunctions.functions.get","cloudfunctions.functions.list","cloudfunctions.functions.update","cloudfunctions.operations.get","firebase.projects.get"]}
[debug] [2025-05-08T07:18:18.636Z] <<< [apiv2][status] POST https://cloudresourcemanager.googleapis.com/v1/projects/tehai-carpenter:testIamPermissions 200
[debug] [2025-05-08T07:18:18.636Z] <<< [apiv2][body] POST https://cloudresourcemanager.googleapis.com/v1/projects/tehai-carpenter:testIamPermissions {"permissions":["cloudfunctions.functions.create","cloudfunctions.functions.delete","cloudfunctions.functions.get","cloudfunctions.functions.list","cloudfunctions.functions.update","cloudfunctions.operations.get","firebase.projects.get"]}
[debug] [2025-05-08T07:18:18.637Z] Checked if tokens are valid: true, expires at: 1746689930322
[debug] [2025-05-08T07:18:18.637Z] Checked if tokens are valid: true, expires at: 1746689930322
[debug] [2025-05-08T07:18:18.637Z] >>> [apiv2][query] POST https://iam.googleapis.com/v1/projects/tehai-carpenter/serviceAccounts/tehai-carpenter@appspot.gserviceaccount.com:testIamPermissions [none]
[debug] [2025-05-08T07:18:18.637Z] >>> [apiv2][body] POST https://iam.googleapis.com/v1/projects/tehai-carpenter/serviceAccounts/tehai-carpenter@appspot.gserviceaccount.com:testIamPermissions {"permissions":["iam.serviceAccounts.actAs"]}
[debug] [2025-05-08T07:18:18.935Z] <<< [apiv2][status] POST https://iam.googleapis.com/v1/projects/tehai-carpenter/serviceAccounts/tehai-carpenter@appspot.gserviceaccount.com:testIamPermissions 200
[debug] [2025-05-08T07:18:18.935Z] <<< [apiv2][body] POST https://iam.googleapis.com/v1/projects/tehai-carpenter/serviceAccounts/tehai-carpenter@appspot.gserviceaccount.com:testIamPermissions {"permissions":["iam.serviceAccounts.actAs"]}
[info] 
[info] === Deploying to 'tehai-carpenter'...
[info] 
[info] i  deploying functions 
[debug] [2025-05-08T07:18:18.942Z] Checked if tokens are valid: true, expires at: 1746689930322
[debug] [2025-05-08T07:18:18.943Z] Checked if tokens are valid: true, expires at: 1746689930322
[debug] [2025-05-08T07:18:18.943Z] >>> [apiv2][query] GET https://serviceusage.googleapis.com/v1/projects/tehai-carpenter/services/cloudresourcemanager.googleapis.com [none]
[debug] [2025-05-08T07:18:18.943Z] >>> [apiv2][(partial)header] GET https://serviceusage.googleapis.com/v1/projects/tehai-carpenter/services/cloudresourcemanager.googleapis.com x-goog-quota-user=projects/tehai-carpenter
[debug] [2025-05-08T07:18:19.543Z] <<< [apiv2][status] GET https://serviceusage.googleapis.com/v1/projects/tehai-carpenter/services/cloudresourcemanager.googleapis.com 200
[debug] [2025-05-08T07:18:19.544Z] <<< [apiv2][body] GET https://serviceusage.googleapis.com/v1/projects/tehai-carpenter/services/cloudresourcemanager.googleapis.com [omitted]
[debug] [2025-05-08T07:18:19.544Z] Checked if tokens are valid: true, expires at: 1746689930322
[debug] [2025-05-08T07:18:19.544Z] Checked if tokens are valid: true, expires at: 1746689930322
[debug] [2025-05-08T07:18:19.545Z] >>> [apiv2][query] GET https://cloudresourcemanager.googleapis.com/v1/projects/tehai-carpenter [none]
[debug] [2025-05-08T07:18:19.721Z] <<< [apiv2][status] GET https://cloudresourcemanager.googleapis.com/v1/projects/tehai-carpenter 200
[debug] [2025-05-08T07:18:19.722Z] <<< [apiv2][body] GET https://cloudresourcemanager.googleapis.com/v1/projects/tehai-carpenter {"projectNumber":"779170517044","projectId":"tehai-carpenter","lifecycleState":"ACTIVE","name":"TEHAI-carpenter","labels":{"firebase":"enabled","firebase-core":"disabled"},"createTime":"2025-05-07T15:43:19.816848Z","parent":{"type":"organization","id":"394171590432"}}
[info] i  functions: preparing codebase default for deployment 
[info] i  functions: ensuring required API cloudfunctions.googleapis.com is enabled... 
[debug] [2025-05-08T07:18:19.724Z] Checked if tokens are valid: true, expires at: 1746689930322
[debug] [2025-05-08T07:18:19.724Z] Checked if tokens are valid: true, expires at: 1746689930322
[debug] [2025-05-08T07:18:19.724Z] Checked if tokens are valid: true, expires at: 1746689930322
[debug] [2025-05-08T07:18:19.724Z] Checked if tokens are valid: true, expires at: 1746689930322
[info] i  functions: ensuring required API cloudbuild.googleapis.com is enabled... 
[debug] [2025-05-08T07:18:19.725Z] Checked if tokens are valid: true, expires at: 1746689930322
[debug] [2025-05-08T07:18:19.725Z] Checked if tokens are valid: true, expires at: 1746689930322
[info] i  artifactregistry: ensuring required API artifactregistry.googleapis.com is enabled... 
[debug] [2025-05-08T07:18:19.726Z] Checked if tokens are valid: true, expires at: 1746689930322
[debug] [2025-05-08T07:18:19.726Z] Checked if tokens are valid: true, expires at: 1746689930322
[debug] [2025-05-08T07:18:19.726Z] >>> [apiv2][query] GET https://serviceusage.googleapis.com/v1/projects/tehai-carpenter/services/cloudfunctions.googleapis.com [none]
[debug] [2025-05-08T07:18:19.726Z] >>> [apiv2][(partial)header] GET https://serviceusage.googleapis.com/v1/projects/tehai-carpenter/services/cloudfunctions.googleapis.com x-goog-quota-user=projects/tehai-carpenter
[debug] [2025-05-08T07:18:19.728Z] >>> [apiv2][query] GET https://serviceusage.googleapis.com/v1/projects/tehai-carpenter/services/runtimeconfig.googleapis.com [none]
[debug] [2025-05-08T07:18:19.728Z] >>> [apiv2][(partial)header] GET https://serviceusage.googleapis.com/v1/projects/tehai-carpenter/services/runtimeconfig.googleapis.com x-goog-quota-user=projects/tehai-carpenter
[debug] [2025-05-08T07:18:19.732Z] >>> [apiv2][query] GET https://serviceusage.googleapis.com/v1/projects/tehai-carpenter/services/cloudbuild.googleapis.com [none]
[debug] [2025-05-08T07:18:19.732Z] >>> [apiv2][(partial)header] GET https://serviceusage.googleapis.com/v1/projects/tehai-carpenter/services/cloudbuild.googleapis.com x-goog-quota-user=projects/tehai-carpenter
[debug] [2025-05-08T07:18:19.735Z] >>> [apiv2][query] GET https://serviceusage.googleapis.com/v1/projects/tehai-carpenter/services/artifactregistry.googleapis.com [none]
[debug] [2025-05-08T07:18:19.736Z] >>> [apiv2][(partial)header] GET https://serviceusage.googleapis.com/v1/projects/tehai-carpenter/services/artifactregistry.googleapis.com x-goog-quota-user=projects/tehai-carpenter
[debug] [2025-05-08T07:18:20.058Z] <<< [apiv2][status] GET https://serviceusage.googleapis.com/v1/projects/tehai-carpenter/services/cloudfunctions.googleapis.com 200
[debug] [2025-05-08T07:18:20.058Z] <<< [apiv2][body] GET https://serviceusage.googleapis.com/v1/projects/tehai-carpenter/services/cloudfunctions.googleapis.com [omitted]
[info] ✔  functions: required API cloudfunctions.googleapis.com is enabled 
[debug] [2025-05-08T07:18:20.064Z] <<< [apiv2][status] GET https://serviceusage.googleapis.com/v1/projects/tehai-carpenter/services/runtimeconfig.googleapis.com 200
[debug] [2025-05-08T07:18:20.064Z] <<< [apiv2][body] GET https://serviceusage.googleapis.com/v1/projects/tehai-carpenter/services/runtimeconfig.googleapis.com [omitted]
[debug] [2025-05-08T07:18:20.166Z] <<< [apiv2][status] GET https://serviceusage.googleapis.com/v1/projects/tehai-carpenter/services/cloudbuild.googleapis.com 200
[debug] [2025-05-08T07:18:20.166Z] <<< [apiv2][body] GET https://serviceusage.googleapis.com/v1/projects/tehai-carpenter/services/cloudbuild.googleapis.com [omitted]
[info] ✔  functions: required API cloudbuild.googleapis.com is enabled 
[debug] [2025-05-08T07:18:20.731Z] <<< [apiv2][status] GET https://serviceusage.googleapis.com/v1/projects/tehai-carpenter/services/artifactregistry.googleapis.com 200
[debug] [2025-05-08T07:18:20.731Z] <<< [apiv2][body] GET https://serviceusage.googleapis.com/v1/projects/tehai-carpenter/services/artifactregistry.googleapis.com [omitted]
[info] ✔  artifactregistry: required API artifactregistry.googleapis.com is enabled 
[debug] [2025-05-08T07:18:20.732Z] Checked if tokens are valid: true, expires at: 1746689930322
[debug] [2025-05-08T07:18:20.732Z] Checked if tokens are valid: true, expires at: 1746689930322
[debug] [2025-05-08T07:18:20.733Z] >>> [apiv2][query] GET https://firebase.googleapis.com/v1beta1/projects/tehai-carpenter/adminSdkConfig [none]
[debug] [2025-05-08T07:18:21.108Z] <<< [apiv2][status] GET https://firebase.googleapis.com/v1beta1/projects/tehai-carpenter/adminSdkConfig 200
[debug] [2025-05-08T07:18:21.109Z] <<< [apiv2][body] GET https://firebase.googleapis.com/v1beta1/projects/tehai-carpenter/adminSdkConfig {"projectId":"tehai-carpenter","storageBucket":"tehai-carpenter.firebasestorage.app"}
[debug] [2025-05-08T07:18:21.110Z] Checked if tokens are valid: true, expires at: 1746689930322
[debug] [2025-05-08T07:18:21.110Z] Checked if tokens are valid: true, expires at: 1746689930322
[debug] [2025-05-08T07:18:21.110Z] >>> [apiv2][query] GET https://runtimeconfig.googleapis.com/v1beta1/projects/tehai-carpenter/configs [none]
[debug] [2025-05-08T07:18:21.537Z] <<< [apiv2][status] GET https://runtimeconfig.googleapis.com/v1beta1/projects/tehai-carpenter/configs 200
[debug] [2025-05-08T07:18:21.537Z] <<< [apiv2][body] GET https://runtimeconfig.googleapis.com/v1beta1/projects/tehai-carpenter/configs {"configs":[{"name":"projects/tehai-carpenter/configs/gmail"}]}
[debug] [2025-05-08T07:18:21.538Z] Checked if tokens are valid: true, expires at: 1746689930322
[debug] [2025-05-08T07:18:21.538Z] Checked if tokens are valid: true, expires at: 1746689930322
[debug] [2025-05-08T07:18:21.538Z] >>> [apiv2][query] GET https://runtimeconfig.googleapis.com/v1beta1/projects/tehai-carpenter/configs/gmail/variables [none]
[debug] [2025-05-08T07:18:21.814Z] <<< [apiv2][status] GET https://runtimeconfig.googleapis.com/v1beta1/projects/tehai-carpenter/configs/gmail/variables 200
[debug] [2025-05-08T07:18:21.815Z] <<< [apiv2][body] GET https://runtimeconfig.googleapis.com/v1beta1/projects/tehai-carpenter/configs/gmail/variables {"variables":[{"name":"projects/tehai-carpenter/configs/gmail/variables/pass","updateTime":"2025-05-07T23:54:17.216711227Z"},{"name":"projects/tehai-carpenter/configs/gmail/variables/user","updateTime":"2025-05-07T23:54:17.369307013Z"}]}
[debug] [2025-05-08T07:18:21.816Z] Checked if tokens are valid: true, expires at: 1746689930322
[debug] [2025-05-08T07:18:21.816Z] Checked if tokens are valid: true, expires at: 1746689930322
[debug] [2025-05-08T07:18:21.816Z] Checked if tokens are valid: true, expires at: 1746689930322
[debug] [2025-05-08T07:18:21.816Z] Checked if tokens are valid: true, expires at: 1746689930322
[debug] [2025-05-08T07:18:21.817Z] >>> [apiv2][query] GET https://runtimeconfig.googleapis.com/v1beta1/projects/tehai-carpenter/configs/gmail/variables/pass [none]
[debug] [2025-05-08T07:18:21.817Z] >>> [apiv2][query] GET https://runtimeconfig.googleapis.com/v1beta1/projects/tehai-carpenter/configs/gmail/variables/user [none]
[debug] [2025-05-08T07:18:22.064Z] <<< [apiv2][status] GET https://runtimeconfig.googleapis.com/v1beta1/projects/tehai-carpenter/configs/gmail/variables/pass 200
[debug] [2025-05-08T07:18:22.065Z] <<< [apiv2][body] GET https://runtimeconfig.googleapis.com/v1beta1/projects/tehai-carpenter/configs/gmail/variables/pass {"name":"projects/tehai-carpenter/configs/gmail/variables/pass","updateTime":"2025-05-07T23:54:17.216711227Z","text":"weho bsco fywd wbgk"}
[debug] [2025-05-08T07:18:22.104Z] <<< [apiv2][status] GET https://runtimeconfig.googleapis.com/v1beta1/projects/tehai-carpenter/configs/gmail/variables/user 200
[debug] [2025-05-08T07:18:22.104Z] <<< [apiv2][body] GET https://runtimeconfig.googleapis.com/v1beta1/projects/tehai-carpenter/configs/gmail/variables/user {"name":"projects/tehai-carpenter/configs/gmail/variables/user","updateTime":"2025-05-07T23:54:17.369307013Z","text":"info@2019showtime.com"}
[debug] [2025-05-08T07:18:22.105Z] Validating nodejs source
[debug] [2025-05-08T07:18:23.038Z] > [functions] package.json contents: {
  "name": "functions",
  "description": "Cloud Functions for Firebase",
  "scripts": {
    "lint": "eslint .",
    "serve": "firebase emulators:start --only functions",
    "shell": "firebase functions:shell",
    "start": "npm run shell",
    "deploy": "firebase deploy --only functions",
    "logs": "firebase functions:log"
  },
  "engines": {
    "node": "20"
  },
  "main": "index.js",
  "dependencies": {
    "express": "^5.1.0",
    "multer": "^1.4.5-lts.2",
    "nodemailer": "^7.0.2",
    "firebase-functions": "^4.5.0"
  },
  "private": true
}
[debug] [2025-05-08T07:18:23.039Z] Building nodejs source
[info] i  functions: Loading and analyzing source code for codebase default to determine what to deploy 
[debug] [2025-05-08T07:18:23.040Z] Could not find functions.yaml. Must use http discovery
[debug] [2025-05-08T07:18:23.071Z] Found firebase-functions binary at '/Users/t-daichi/Documents/Webapp/TEHAI_carpenter/functions/node_modules/.bin/firebase-functions'
[info] Serving at port 8226

[debug] [2025-05-08T07:18:24.129Z] Got response from /__/functions.yaml {"endpoints":{"sendEmailTemporary":{"availableMemoryMb":null,"timeoutSeconds":null,"minInstances":null,"maxInstances":null,"ingressSettings":null,"concurrency":null,"serviceAccountEmail":null,"vpc":null,"platform":"gcfv2","labels":{},"httpsTrigger":{},"entryPoint":"sendEmailTemporary"}},"specVersion":"v1alpha1","requiredAPIs":[],"extensions":{}}
[info] i  extensions: ensuring required API firebaseextensions.googleapis.com is enabled... 
[debug] [2025-05-08T07:18:28.167Z] Checked if tokens are valid: true, expires at: 1746689930322
[debug] [2025-05-08T07:18:28.167Z] Checked if tokens are valid: true, expires at: 1746689930322
[debug] [2025-05-08T07:18:28.167Z] >>> [apiv2][query] GET https://serviceusage.googleapis.com/v1/projects/tehai-carpenter/services/firebaseextensions.googleapis.com [none]
[debug] [2025-05-08T07:18:28.167Z] >>> [apiv2][(partial)header] GET https://serviceusage.googleapis.com/v1/projects/tehai-carpenter/services/firebaseextensions.googleapis.com x-goog-quota-user=projects/tehai-carpenter
[debug] [2025-05-08T07:18:29.523Z] <<< [apiv2][status] GET https://serviceusage.googleapis.com/v1/projects/tehai-carpenter/services/firebaseextensions.googleapis.com 200
[debug] [2025-05-08T07:18:29.523Z] <<< [apiv2][body] GET https://serviceusage.googleapis.com/v1/projects/tehai-carpenter/services/firebaseextensions.googleapis.com [omitted]
[info] ✔  extensions: required API firebaseextensions.googleapis.com is enabled 
[debug] [2025-05-08T07:18:29.524Z] > command requires scopes: ["email","openid","https://www.googleapis.com/auth/cloudplatformprojects.readonly","https://www.googleapis.com/auth/firebase","https://www.googleapis.com/auth/cloud-platform"]
[debug] [2025-05-08T07:18:29.524Z] > authorizing via signed-in user (info@2019showtime.com)
[debug] [2025-05-08T07:18:29.524Z] [iam] checking project tehai-carpenter for permissions ["firebase.projects.get","firebaseextensions.instances.list"]
[debug] [2025-05-08T07:18:29.525Z] Checked if tokens are valid: true, expires at: 1746689930322
[debug] [2025-05-08T07:18:29.525Z] Checked if tokens are valid: true, expires at: 1746689930322
[debug] [2025-05-08T07:18:29.525Z] >>> [apiv2][query] POST https://cloudresourcemanager.googleapis.com/v1/projects/tehai-carpenter:testIamPermissions [none]
[debug] [2025-05-08T07:18:29.525Z] >>> [apiv2][(partial)header] POST https://cloudresourcemanager.googleapis.com/v1/projects/tehai-carpenter:testIamPermissions x-goog-quota-user=projects/tehai-carpenter
[debug] [2025-05-08T07:18:29.525Z] >>> [apiv2][body] POST https://cloudresourcemanager.googleapis.com/v1/projects/tehai-carpenter:testIamPermissions {"permissions":["firebase.projects.get","firebaseextensions.instances.list"]}
[debug] [2025-05-08T07:18:30.244Z] <<< [apiv2][status] POST https://cloudresourcemanager.googleapis.com/v1/projects/tehai-carpenter:testIamPermissions 200
[debug] [2025-05-08T07:18:30.244Z] <<< [apiv2][body] POST https://cloudresourcemanager.googleapis.com/v1/projects/tehai-carpenter:testIamPermissions {"permissions":["firebase.projects.get","firebaseextensions.instances.list"]}
[debug] [2025-05-08T07:18:30.245Z] Checked if tokens are valid: true, expires at: 1746689930322
[debug] [2025-05-08T07:18:30.245Z] Checked if tokens are valid: true, expires at: 1746689930322
[debug] [2025-05-08T07:18:30.246Z] >>> [apiv2][query] GET https://firebaseextensions.googleapis.com/v1beta/projects/tehai-carpenter/instances pageSize=100&pageToken=
[debug] [2025-05-08T07:18:31.162Z] <<< [apiv2][status] GET https://firebaseextensions.googleapis.com/v1beta/projects/tehai-carpenter/instances 200
[debug] [2025-05-08T07:18:31.162Z] <<< [apiv2][body] GET https://firebaseextensions.googleapis.com/v1beta/projects/tehai-carpenter/instances {}
[info] i  functions: preparing functions directory for uploading... 
[info] i  functions: packaged /Users/t-daichi/Documents/Webapp/TEHAI_carpenter/functions (73.04 KB) for uploading 
[debug] [2025-05-08T07:18:31.378Z] Checked if tokens are valid: true, expires at: 1746689930322
[debug] [2025-05-08T07:18:31.378Z] Checked if tokens are valid: true, expires at: 1746689930322
[debug] [2025-05-08T07:18:31.379Z] >>> [apiv2][query] GET https://cloudfunctions.googleapis.com/v1/projects/tehai-carpenter/locations/-/functions [none]
[debug] [2025-05-08T07:18:32.339Z] <<< [apiv2][status] GET https://cloudfunctions.googleapis.com/v1/projects/tehai-carpenter/locations/-/functions 200
[debug] [2025-05-08T07:18:32.339Z] <<< [apiv2][body] GET https://cloudfunctions.googleapis.com/v1/projects/tehai-carpenter/locations/-/functions {}
[debug] [2025-05-08T07:18:32.340Z] Checked if tokens are valid: true, expires at: 1746689930322
[debug] [2025-05-08T07:18:32.340Z] Checked if tokens are valid: true, expires at: 1746689930322
[debug] [2025-05-08T07:18:32.341Z] >>> [apiv2][query] GET https://cloudfunctions.googleapis.com/v2/projects/tehai-carpenter/locations/-/functions filter=environment%3D%22GEN_2%22
[debug] [2025-05-08T07:18:33.926Z] <<< [apiv2][status] GET https://cloudfunctions.googleapis.com/v2/projects/tehai-carpenter/locations/-/functions 200
[debug] [2025-05-08T07:18:33.927Z] <<< [apiv2][body] GET https://cloudfunctions.googleapis.com/v2/projects/tehai-carpenter/locations/-/functions {"functions":[{"name":"projects/tehai-carpenter/locations/us-central1/functions/sendEmailTemporary","buildConfig":{"build":"projects/779170517044/locations/us-central1/builds/6e438900-65d6-4470-bf73-fa7f5e15884a","runtime":"nodejs20","entryPoint":"sendEmailTemporary","source":{"storageSource":{"bucket":"gcf-v2-sources-779170517044-us-central1","object":"sendEmailTemporary/function-source.zip","generation":"1746686861988612"}},"environmentVariables":{"GOOGLE_NODE_RUN_SCRIPTS":""},"dockerRepository":"projects/tehai-carpenter/locations/us-central1/repositories/gcf-artifacts","serviceAccount":"projects/tehai-carpenter/serviceAccounts/779170517044-compute@developer.gserviceaccount.com","automaticUpdatePolicy":{}},"serviceConfig":{"service":"projects/tehai-carpenter/locations/us-central1/services/sendemailtemporary","timeoutSeconds":60,"environmentVariables":{"FIREBASE_CONFIG":"{\"projectId\":\"tehai-carpenter\",\"storageBucket\":\"tehai-carpenter.firebasestorage.app\"}","GCLOUD_PROJECT":"tehai-carpenter","EVENTARC_CLOUD_EVENT_SOURCE":"projects/tehai-carpenter/locations/us-central1/services/sendEmailTemporary","FUNCTION_TARGET":"sendEmailTemporary","LOG_EXECUTION_ID":"true"},"maxInstanceCount":40,"ingressSettings":"ALLOW_ALL","serviceAccountEmail":"779170517044-compute@developer.gserviceaccount.com","availableMemory":"256Mi","allTrafficOnLatestRevision":true,"revision":"sendemailtemporary-00003-muc","maxInstanceRequestConcurrency":80,"availableCpu":"1"},"state":"ACTIVE","updateTime":"2025-05-08T06:48:51.115387547Z","labels":{"deployment-tool":"cli-firebase","firebase-functions-hash":"c662af99c27a5a1dff45817ff72ec66cb81d42bb"},"environment":"GEN_2","url":"https://us-central1-tehai-carpenter.cloudfunctions.net/sendEmailTemporary","createTime":"2025-05-08T05:43:14.048361653Z","satisfiesPzi":true}]}
[info] i  functions: ensuring required API run.googleapis.com is enabled... 
[debug] [2025-05-08T07:18:33.932Z] Checked if tokens are valid: true, expires at: 1746689930322
[debug] [2025-05-08T07:18:33.932Z] Checked if tokens are valid: true, expires at: 1746689930322
[info] i  functions: ensuring required API eventarc.googleapis.com is enabled... 
[debug] [2025-05-08T07:18:33.933Z] Checked if tokens are valid: true, expires at: 1746689930322
[debug] [2025-05-08T07:18:33.933Z] Checked if tokens are valid: true, expires at: 1746689930322
[info] i  functions: ensuring required API pubsub.googleapis.com is enabled... 
[debug] [2025-05-08T07:18:33.933Z] Checked if tokens are valid: true, expires at: 1746689930322
[debug] [2025-05-08T07:18:33.933Z] Checked if tokens are valid: true, expires at: 1746689930322
[info] i  functions: ensuring required API storage.googleapis.com is enabled... 
[debug] [2025-05-08T07:18:33.933Z] Checked if tokens are valid: true, expires at: 1746689930322
[debug] [2025-05-08T07:18:33.934Z] Checked if tokens are valid: true, expires at: 1746689930322
[debug] [2025-05-08T07:18:33.934Z] >>> [apiv2][query] GET https://serviceusage.googleapis.com/v1/projects/tehai-carpenter/services/run.googleapis.com [none]
[debug] [2025-05-08T07:18:33.934Z] >>> [apiv2][(partial)header] GET https://serviceusage.googleapis.com/v1/projects/tehai-carpenter/services/run.googleapis.com x-goog-quota-user=projects/tehai-carpenter
[debug] [2025-05-08T07:18:33.934Z] >>> [apiv2][query] GET https://serviceusage.googleapis.com/v1/projects/tehai-carpenter/services/eventarc.googleapis.com [none]
[debug] [2025-05-08T07:18:33.934Z] >>> [apiv2][(partial)header] GET https://serviceusage.googleapis.com/v1/projects/tehai-carpenter/services/eventarc.googleapis.com x-goog-quota-user=projects/tehai-carpenter
[debug] [2025-05-08T07:18:33.937Z] >>> [apiv2][query] GET https://serviceusage.googleapis.com/v1/projects/tehai-carpenter/services/pubsub.googleapis.com [none]
[debug] [2025-05-08T07:18:33.937Z] >>> [apiv2][(partial)header] GET https://serviceusage.googleapis.com/v1/projects/tehai-carpenter/services/pubsub.googleapis.com x-goog-quota-user=projects/tehai-carpenter
[debug] [2025-05-08T07:18:33.941Z] >>> [apiv2][query] GET https://serviceusage.googleapis.com/v1/projects/tehai-carpenter/services/storage.googleapis.com [none]
[debug] [2025-05-08T07:18:33.942Z] >>> [apiv2][(partial)header] GET https://serviceusage.googleapis.com/v1/projects/tehai-carpenter/services/storage.googleapis.com x-goog-quota-user=projects/tehai-carpenter
[debug] [2025-05-08T07:18:34.214Z] <<< [apiv2][status] GET https://serviceusage.googleapis.com/v1/projects/tehai-carpenter/services/run.googleapis.com 200
[debug] [2025-05-08T07:18:34.214Z] <<< [apiv2][body] GET https://serviceusage.googleapis.com/v1/projects/tehai-carpenter/services/run.googleapis.com [omitted]
[info] ✔  functions: required API run.googleapis.com is enabled 
[debug] [2025-05-08T07:18:34.954Z] <<< [apiv2][status] GET https://serviceusage.googleapis.com/v1/projects/tehai-carpenter/services/pubsub.googleapis.com 200
[debug] [2025-05-08T07:18:34.955Z] <<< [apiv2][body] GET https://serviceusage.googleapis.com/v1/projects/tehai-carpenter/services/pubsub.googleapis.com [omitted]
[info] ✔  functions: required API pubsub.googleapis.com is enabled 
[debug] [2025-05-08T07:18:34.968Z] <<< [apiv2][status] GET https://serviceusage.googleapis.com/v1/projects/tehai-carpenter/services/eventarc.googleapis.com 200
[debug] [2025-05-08T07:18:34.968Z] <<< [apiv2][body] GET https://serviceusage.googleapis.com/v1/projects/tehai-carpenter/services/eventarc.googleapis.com [omitted]
[info] ✔  functions: required API eventarc.googleapis.com is enabled 
[debug] [2025-05-08T07:18:35.014Z] <<< [apiv2][status] GET https://serviceusage.googleapis.com/v1/projects/tehai-carpenter/services/storage.googleapis.com 200
[debug] [2025-05-08T07:18:35.015Z] <<< [apiv2][body] GET https://serviceusage.googleapis.com/v1/projects/tehai-carpenter/services/storage.googleapis.com [omitted]
[info] ✔  functions: required API storage.googleapis.com is enabled 
[info] i  functions: generating the service identity for pubsub.googleapis.com... 
[debug] [2025-05-08T07:18:35.016Z] Checked if tokens are valid: true, expires at: 1746689930322
[debug] [2025-05-08T07:18:35.016Z] Checked if tokens are valid: true, expires at: 1746689930322
[info] i  functions: generating the service identity for eventarc.googleapis.com... 
[debug] [2025-05-08T07:18:35.016Z] Checked if tokens are valid: true, expires at: 1746689930322
[debug] [2025-05-08T07:18:35.016Z] Checked if tokens are valid: true, expires at: 1746689930322
[debug] [2025-05-08T07:18:35.016Z] >>> [apiv2][query] POST https://serviceusage.googleapis.com/v1beta1/projects/779170517044/services/pubsub.googleapis.com:generateServiceIdentity [none]
[debug] [2025-05-08T07:18:35.017Z] >>> [apiv2][query] POST https://serviceusage.googleapis.com/v1beta1/projects/779170517044/services/eventarc.googleapis.com:generateServiceIdentity [none]
[debug] [2025-05-08T07:18:35.374Z] <<< [apiv2][status] POST https://serviceusage.googleapis.com/v1beta1/projects/779170517044/services/eventarc.googleapis.com:generateServiceIdentity 200
[debug] [2025-05-08T07:18:35.375Z] <<< [apiv2][body] POST https://serviceusage.googleapis.com/v1beta1/projects/779170517044/services/eventarc.googleapis.com:generateServiceIdentity {"name":"operations/finished.DONE_OPERATION","done":true,"response":{"@type":"type.googleapis.com/google.api.serviceusage.v1beta1.ServiceIdentity","email":"service-779170517044@gcp-sa-eventarc.iam.gserviceaccount.com","uniqueId":"100886812221830618108"}}
[debug] [2025-05-08T07:18:35.376Z] <<< [apiv2][status] POST https://serviceusage.googleapis.com/v1beta1/projects/779170517044/services/pubsub.googleapis.com:generateServiceIdentity 200
[debug] [2025-05-08T07:18:35.376Z] <<< [apiv2][body] POST https://serviceusage.googleapis.com/v1beta1/projects/779170517044/services/pubsub.googleapis.com:generateServiceIdentity {"name":"operations/finished.DONE_OPERATION","done":true,"response":{"@type":"type.googleapis.com/google.api.serviceusage.v1beta1.ServiceIdentity","email":"service-779170517044@gcp-sa-pubsub.iam.gserviceaccount.com","uniqueId":"113529344215204618435"}}
[debug] [2025-05-08T07:18:35.380Z] Checked if tokens are valid: true, expires at: 1746689930322
[debug] [2025-05-08T07:18:35.380Z] Checked if tokens are valid: true, expires at: 1746689930322
[debug] [2025-05-08T07:18:35.380Z] >>> [apiv2][query] GET https://serviceusage.googleapis.com/v1/projects/tehai-carpenter/services/cloudresourcemanager.googleapis.com [none]
[debug] [2025-05-08T07:18:35.380Z] >>> [apiv2][(partial)header] GET https://serviceusage.googleapis.com/v1/projects/tehai-carpenter/services/cloudresourcemanager.googleapis.com x-goog-quota-user=projects/tehai-carpenter
[debug] [2025-05-08T07:18:35.975Z] <<< [apiv2][status] GET https://serviceusage.googleapis.com/v1/projects/tehai-carpenter/services/cloudresourcemanager.googleapis.com 200
[debug] [2025-05-08T07:18:35.975Z] <<< [apiv2][body] GET https://serviceusage.googleapis.com/v1/projects/tehai-carpenter/services/cloudresourcemanager.googleapis.com [omitted]
[debug] [2025-05-08T07:18:35.975Z] Checked if tokens are valid: true, expires at: 1746689930322
[debug] [2025-05-08T07:18:35.976Z] Checked if tokens are valid: true, expires at: 1746689930322
[debug] [2025-05-08T07:18:35.976Z] >>> [apiv2][query] GET https://cloudresourcemanager.googleapis.com/v1/projects/tehai-carpenter [none]
[debug] [2025-05-08T07:18:36.691Z] <<< [apiv2][status] GET https://cloudresourcemanager.googleapis.com/v1/projects/tehai-carpenter 200
[debug] [2025-05-08T07:18:36.692Z] <<< [apiv2][body] GET https://cloudresourcemanager.googleapis.com/v1/projects/tehai-carpenter {"projectNumber":"779170517044","projectId":"tehai-carpenter","lifecycleState":"ACTIVE","name":"TEHAI-carpenter","labels":{"firebase":"enabled","firebase-core":"disabled"},"createTime":"2025-05-07T15:43:19.816848Z","parent":{"type":"organization","id":"394171590432"}}
[debug] [2025-05-08T07:18:36.696Z] Checked if tokens are valid: true, expires at: 1746689930322
[debug] [2025-05-08T07:18:36.696Z] Checked if tokens are valid: true, expires at: 1746689930322
[debug] [2025-05-08T07:18:36.696Z] >>> [apiv2][query] GET https://cloudbilling.googleapis.com/v1/projects/tehai-carpenter/billingInfo [none]
[debug] [2025-05-08T07:18:38.223Z] <<< [apiv2][status] GET https://cloudbilling.googleapis.com/v1/projects/tehai-carpenter/billingInfo 200
[debug] [2025-05-08T07:18:38.224Z] <<< [apiv2][body] GET https://cloudbilling.googleapis.com/v1/projects/tehai-carpenter/billingInfo {"name":"projects/tehai-carpenter/billingInfo","projectId":"tehai-carpenter","billingAccountName":"billingAccounts/013BFE-8D4925-6BD893","billingEnabled":true}
[debug] [2025-05-08T07:18:38.227Z] Checked if tokens are valid: true, expires at: 1746689930322
[debug] [2025-05-08T07:18:38.227Z] Checked if tokens are valid: true, expires at: 1746689930322
[debug] [2025-05-08T07:18:38.227Z] >>> [apiv2][query] POST https://cloudfunctions.googleapis.com/v2/projects/tehai-carpenter/locations/us-central1/functions:generateUploadUrl [none]
[debug] [2025-05-08T07:18:39.329Z] <<< [apiv2][status] POST https://cloudfunctions.googleapis.com/v2/projects/tehai-carpenter/locations/us-central1/functions:generateUploadUrl 200
[debug] [2025-05-08T07:18:39.330Z] <<< [apiv2][body] POST https://cloudfunctions.googleapis.com/v2/projects/tehai-carpenter/locations/us-central1/functions:generateUploadUrl {"uploadUrl":"https://storage.googleapis.com/gcf-v2-uploads-779170517044.us-central1.cloudfunctions.appspot.com/f4a56a32-0c6a-41ee-a431-c3e3d50957aa.zip?GoogleAccessId=service-779170517044@gcf-admin-robot.iam.gserviceaccount.com&Expires=1746690519&Signature=RhwiYVqzO8xVomYKG6nK0ZadGtUWbT6VgqUm2lOtLERFTwia6In5Gl245YK7ORn3w0pTuh4SrRfYPKN6ORYa0qKqHVKuB%2BynvHJqt0kdlMaZxhOJ0U03HUzpW3G09IilzDnsGK0meHOQnzqV8xh%2BPEtKdO%2BFncLojnlafuqVheuD1JHyszWj5E0dGmRf6F1iAwgek0OxcW%2FTAB%2FDUFQPV237pyb6qiKZ4zmWoFysvVgAlqREjEEw8EyhOKo6vDmIK1TNF8DJybe%2BwuNX3oYeSdJBeOTKEKWQgh6NH8%2Fy5Pst3vp4X707VuuwLBiBIWl0SSvGdLPKf3RW2EGOlhE0wA%3D%3D","storageSource":{"bucket":"gcf-v2-uploads-779170517044.us-central1.cloudfunctions.appspot.com","object":"f4a56a32-0c6a-41ee-a431-c3e3d50957aa.zip"}}
[debug] [2025-05-08T07:18:39.331Z] >>> [apiv2][query] PUT https://storage.googleapis.com/gcf-v2-uploads-779170517044.us-central1.cloudfunctions.appspot.com/f4a56a32-0c6a-41ee-a431-c3e3d50957aa.zip GoogleAccessId=service-779170517044%40gcf-admin-robot.iam.gserviceaccount.com&Expires=1746690519&Signature=RhwiYVqzO8xVomYKG6nK0ZadGtUWbT6VgqUm2lOtLERFTwia6In5Gl245YK7ORn3w0pTuh4SrRfYPKN6ORYa0qKqHVKuB%2BynvHJqt0kdlMaZxhOJ0U03HUzpW3G09IilzDnsGK0meHOQnzqV8xh%2BPEtKdO%2BFncLojnlafuqVheuD1JHyszWj5E0dGmRf6F1iAwgek0OxcW%2FTAB%2FDUFQPV237pyb6qiKZ4zmWoFysvVgAlqREjEEw8EyhOKo6vDmIK1TNF8DJybe%2BwuNX3oYeSdJBeOTKEKWQgh6NH8%2Fy5Pst3vp4X707VuuwLBiBIWl0SSvGdLPKf3RW2EGOlhE0wA%3D%3D
[debug] [2025-05-08T07:18:39.331Z] >>> [apiv2][body] PUT https://storage.googleapis.com/gcf-v2-uploads-779170517044.us-central1.cloudfunctions.appspot.com/f4a56a32-0c6a-41ee-a431-c3e3d50957aa.zip [stream]
[debug] [2025-05-08T07:18:39.926Z] <<< [apiv2][status] PUT https://storage.googleapis.com/gcf-v2-uploads-779170517044.us-central1.cloudfunctions.appspot.com/f4a56a32-0c6a-41ee-a431-c3e3d50957aa.zip 200
[debug] [2025-05-08T07:18:39.926Z] <<< [apiv2][body] PUT https://storage.googleapis.com/gcf-v2-uploads-779170517044.us-central1.cloudfunctions.appspot.com/f4a56a32-0c6a-41ee-a431-c3e3d50957aa.zip [omitted]
[info] ✔  functions: functions folder uploaded successfully 
[info] i  functions: updating Node.js 20 (2nd Gen) function sendEmailTemporary(us-central1)... 
[debug] [2025-05-08T07:18:39.935Z] Checked if tokens are valid: true, expires at: 1746689930322
[debug] [2025-05-08T07:18:39.935Z] Checked if tokens are valid: true, expires at: 1746689930322
[debug] [2025-05-08T07:18:39.935Z] >>> [apiv2][query] PATCH https://cloudfunctions.googleapis.com/v2/projects/tehai-carpenter/locations/us-central1/functions/sendEmailTemporary updateMask=name%2CbuildConfig.runtime%2CbuildConfig.entryPoint%2CbuildConfig.source.storageSource.bucket%2CbuildConfig.source.storageSource.object%2CbuildConfig.environmentVariables%2CbuildConfig.sourceToken%2CserviceConfig.environmentVariables%2CserviceConfig.ingressSettings%2CserviceConfig.timeoutSeconds%2CserviceConfig.serviceAccountEmail%2CserviceConfig.availableMemory%2CserviceConfig.minInstanceCount%2CserviceConfig.maxInstanceCount%2CserviceConfig.maxInstanceRequestConcurrency%2CserviceConfig.availableCpu%2CserviceConfig.vpcConnector%2CserviceConfig.vpcConnectorEgressSettings%2Clabels%2CbuildConfig.buildEnvironmentVariables
[debug] [2025-05-08T07:18:39.936Z] >>> [apiv2][body] PATCH https://cloudfunctions.googleapis.com/v2/projects/tehai-carpenter/locations/us-central1/functions/sendEmailTemporary {"name":"projects/tehai-carpenter/locations/us-central1/functions/sendEmailTemporary","buildConfig":{"runtime":"nodejs20","entryPoint":"sendEmailTemporary","source":{"storageSource":{"bucket":"gcf-v2-uploads-779170517044.us-central1.cloudfunctions.appspot.com","object":"f4a56a32-0c6a-41ee-a431-c3e3d50957aa.zip"}},"environmentVariables":{"GOOGLE_NODE_RUN_SCRIPTS":""}},"serviceConfig":{"environmentVariables":{"FIREBASE_CONFIG":"{\"projectId\":\"tehai-carpenter\",\"storageBucket\":\"tehai-carpenter.firebasestorage.app\"}","GCLOUD_PROJECT":"tehai-carpenter","EVENTARC_CLOUD_EVENT_SOURCE":"projects/tehai-carpenter/locations/us-central1/services/sendEmailTemporary","FUNCTION_TARGET":"sendEmailTemporary","LOG_EXECUTION_ID":"true"},"ingressSettings":null,"timeoutSeconds":null,"serviceAccountEmail":null,"availableMemory":"256Mi","minInstanceCount":null,"maxInstanceCount":null,"maxInstanceRequestConcurrency":80,"availableCpu":"1","vpcConnector":null,"vpcConnectorEgressSettings":null},"labels":{"deployment-tool":"cli-firebase","firebase-functions-hash":"0fc40d7a0fcee69474129b97466cfdc042ac6164"}}
[debug] [2025-05-08T07:18:41.887Z] <<< [apiv2][status] PATCH https://cloudfunctions.googleapis.com/v2/projects/tehai-carpenter/locations/us-central1/functions/sendEmailTemporary 200
[debug] [2025-05-08T07:18:41.887Z] <<< [apiv2][body] PATCH https://cloudfunctions.googleapis.com/v2/projects/tehai-carpenter/locations/us-central1/functions/sendEmailTemporary {"name":"projects/tehai-carpenter/locations/us-central1/operations/operation-1746688721225-6349aa8c30784-3c968461-002070b5","metadata":{"@type":"type.googleapis.com/google.cloud.functions.v2.OperationMetadata","createTime":"2025-05-08T07:18:42.139876186Z","target":"projects/tehai-carpenter/locations/us-central1/functions/sendEmailTemporary","verb":"update","cancelRequested":false,"apiVersion":"v2"},"done":false}
[debug] [2025-05-08T07:18:41.888Z] Checked if tokens are valid: true, expires at: 1746689930322
[debug] [2025-05-08T07:18:41.888Z] Checked if tokens are valid: true, expires at: 1746689930322
[debug] [2025-05-08T07:18:41.888Z] >>> [apiv2][query] GET https://cloudfunctions.googleapis.com/v2/projects/tehai-carpenter/locations/us-central1/operations/operation-1746688721225-6349aa8c30784-3c968461-002070b5 [none]
[debug] [2025-05-08T07:18:43.064Z] <<< [apiv2][status] GET https://cloudfunctions.googleapis.com/v2/projects/tehai-carpenter/locations/us-central1/operations/operation-1746688721225-6349aa8c30784-3c968461-002070b5 200
[debug] [2025-05-08T07:18:43.064Z] <<< [apiv2][body] GET https://cloudfunctions.googleapis.com/v2/projects/tehai-carpenter/locations/us-central1/operations/operation-1746688721225-6349aa8c30784-3c968461-002070b5 {"name":"projects/tehai-carpenter/locations/us-central1/operations/operation-1746688721225-6349aa8c30784-3c968461-002070b5","metadata":{"@type":"type.googleapis.com/google.cloud.functions.v2.OperationMetadata","createTime":"2025-05-08T07:18:42.139876186Z","target":"projects/tehai-carpenter/locations/us-central1/functions/sendEmailTemporary","verb":"update","cancelRequested":false,"apiVersion":"v2","requestResource":{"@type":"type.googleapis.com/google.cloud.functions.v2.Function","name":"projects/tehai-carpenter/locations/us-central1/functions/sendEmailTemporary","buildConfig":{"runtime":"nodejs20","entryPoint":"sendEmailTemporary","source":{"storageSource":{"bucket":"gcf-v2-sources-779170517044-us-central1","object":"sendEmailTemporary/function-source.zip","generation":"1746688722074990"}},"environmentVariables":{"GOOGLE_NODE_RUN_SCRIPTS":""},"dockerRepository":"projects/tehai-carpenter/locations/us-central1/repositories/gcf-artifacts","serviceAccount":"projects/tehai-carpenter/serviceAccounts/779170517044-compute@developer.gserviceaccount.com","automaticUpdatePolicy":{}},"serviceConfig":{"service":"projects/tehai-carpenter/locations/us-central1/services/sendemailtemporary","timeoutSeconds":60,"environmentVariables":{"FIREBASE_CONFIG":"{\"projectId\":\"tehai-carpenter\",\"storageBucket\":\"tehai-carpenter.firebasestorage.app\"}","GCLOUD_PROJECT":"tehai-carpenter","EVENTARC_CLOUD_EVENT_SOURCE":"projects/tehai-carpenter/locations/us-central1/services/sendEmailTemporary","FUNCTION_TARGET":"sendEmailTemporary","LOG_EXECUTION_ID":"true"},"ingressSettings":"ALLOW_ALL","serviceAccountEmail":"779170517044-compute@developer.gserviceaccount.com","availableMemory":"256Mi","allTrafficOnLatestRevision":true,"revision":"sendemailtemporary-00003-muc","maxInstanceRequestConcurrency":80,"availableCpu":"1"},"state":"ACTIVE","labels":{"deployment-tool":"cloudfunctions","firebase-functions-hash":"0fc40d7a0fcee69474129b97466cfdc042ac6164"},"environment":"GEN_2","url":"https://us-central1-tehai-carpenter.cloudfunctions.net/sendEmailTemporary","satisfiesPzi":true},"stages":[{"name":"BUILD","message":"Build in progress","state":"IN_PROGRESS","resource":"projects/779170517044/locations/us-central1/builds/6e450aa4-0216-46b8-981e-b23c61f9ea17","resourceUri":"https://console.cloud.google.com/cloud-build/builds;region=us-central1/6e450aa4-0216-46b8-981e-b23c61f9ea17?project=779170517044"},{"name":"SERVICE","state":"NOT_STARTED"}],"operationType":"UPDATE_FUNCTION","buildName":"projects/779170517044/locations/us-central1/builds/6e450aa4-0216-46b8-981e-b23c61f9ea17"},"done":false}
[debug] [2025-05-08T07:18:43.566Z] [update-default-us-central1-sendEmailTemporary] Retrying task index 0
[debug] [2025-05-08T07:18:43.566Z] Checked if tokens are valid: true, expires at: 1746689930322
[debug] [2025-05-08T07:18:43.566Z] Checked if tokens are valid: true, expires at: 1746689930322
[debug] [2025-05-08T07:18:43.567Z] >>> [apiv2][query] GET https://cloudfunctions.googleapis.com/v2/projects/tehai-carpenter/locations/us-central1/operations/operation-1746688721225-6349aa8c30784-3c968461-002070b5 [none]
[debug] [2025-05-08T07:18:44.681Z] <<< [apiv2][status] GET https://cloudfunctions.googleapis.com/v2/projects/tehai-carpenter/locations/us-central1/operations/operation-1746688721225-6349aa8c30784-3c968461-002070b5 200
[debug] [2025-05-08T07:18:44.681Z] <<< [apiv2][body] GET https://cloudfunctions.googleapis.com/v2/projects/tehai-carpenter/locations/us-central1/operations/operation-1746688721225-6349aa8c30784-3c968461-002070b5 {"name":"projects/tehai-carpenter/locations/us-central1/operations/operation-1746688721225-6349aa8c30784-3c968461-002070b5","metadata":{"@type":"type.googleapis.com/google.cloud.functions.v2.OperationMetadata","createTime":"2025-05-08T07:18:42.139876186Z","target":"projects/tehai-carpenter/locations/us-central1/functions/sendEmailTemporary","verb":"update","cancelRequested":false,"apiVersion":"v2","requestResource":{"@type":"type.googleapis.com/google.cloud.functions.v2.Function","name":"projects/tehai-carpenter/locations/us-central1/functions/sendEmailTemporary","buildConfig":{"runtime":"nodejs20","entryPoint":"sendEmailTemporary","source":{"storageSource":{"bucket":"gcf-v2-sources-779170517044-us-central1","object":"sendEmailTemporary/function-source.zip","generation":"1746688722074990"}},"environmentVariables":{"GOOGLE_NODE_RUN_SCRIPTS":""},"dockerRepository":"projects/tehai-carpenter/locations/us-central1/repositories/gcf-artifacts","serviceAccount":"projects/tehai-carpenter/serviceAccounts/779170517044-compute@developer.gserviceaccount.com","automaticUpdatePolicy":{}},"serviceConfig":{"service":"projects/tehai-carpenter/locations/us-central1/services/sendemailtemporary","timeoutSeconds":60,"environmentVariables":{"FIREBASE_CONFIG":"{\"projectId\":\"tehai-carpenter\",\"storageBucket\":\"tehai-carpenter.firebasestorage.app\"}","GCLOUD_PROJECT":"tehai-carpenter","EVENTARC_CLOUD_EVENT_SOURCE":"projects/tehai-carpenter/locations/us-central1/services/sendEmailTemporary","FUNCTION_TARGET":"sendEmailTemporary","LOG_EXECUTION_ID":"true"},"ingressSettings":"ALLOW_ALL","serviceAccountEmail":"779170517044-compute@developer.gserviceaccount.com","availableMemory":"256Mi","allTrafficOnLatestRevision":true,"revision":"sendemailtemporary-00003-muc","maxInstanceRequestConcurrency":80,"availableCpu":"1"},"state":"ACTIVE","labels":{"deployment-tool":"cloudfunctions","firebase-functions-hash":"0fc40d7a0fcee69474129b97466cfdc042ac6164"},"environment":"GEN_2","url":"https://us-central1-tehai-carpenter.cloudfunctions.net/sendEmailTemporary","satisfiesPzi":true},"stages":[{"name":"BUILD","message":"Build in progress","state":"IN_PROGRESS","resource":"projects/779170517044/locations/us-central1/builds/6e450aa4-0216-46b8-981e-b23c61f9ea17","resourceUri":"https://console.cloud.google.com/cloud-build/builds;region=us-central1/6e450aa4-0216-46b8-981e-b23c61f9ea17?project=779170517044"},{"name":"SERVICE","state":"NOT_STARTED"}],"operationType":"UPDATE_FUNCTION","buildName":"projects/779170517044/locations/us-central1/builds/6e450aa4-0216-46b8-981e-b23c61f9ea17"},"done":false}
[debug] [2025-05-08T07:18:45.683Z] [update-default-us-central1-sendEmailTemporary] Retrying task index 0
[debug] [2025-05-08T07:18:45.684Z] Checked if tokens are valid: true, expires at: 1746689930322
[debug] [2025-05-08T07:18:45.684Z] Checked if tokens are valid: true, expires at: 1746689930322
[debug] [2025-05-08T07:18:45.685Z] >>> [apiv2][query] GET https://cloudfunctions.googleapis.com/v2/projects/tehai-carpenter/locations/us-central1/operations/operation-1746688721225-6349aa8c30784-3c968461-002070b5 [none]
[debug] [2025-05-08T07:18:46.722Z] <<< [apiv2][status] GET https://cloudfunctions.googleapis.com/v2/projects/tehai-carpenter/locations/us-central1/operations/operation-1746688721225-6349aa8c30784-3c968461-002070b5 200
[debug] [2025-05-08T07:18:46.723Z] <<< [apiv2][body] GET https://cloudfunctions.googleapis.com/v2/projects/tehai-carpenter/locations/us-central1/operations/operation-1746688721225-6349aa8c30784-3c968461-002070b5 {"name":"projects/tehai-carpenter/locations/us-central1/operations/operation-1746688721225-6349aa8c30784-3c968461-002070b5","metadata":{"@type":"type.googleapis.com/google.cloud.functions.v2.OperationMetadata","createTime":"2025-05-08T07:18:42.139876186Z","target":"projects/tehai-carpenter/locations/us-central1/functions/sendEmailTemporary","verb":"update","cancelRequested":false,"apiVersion":"v2","requestResource":{"@type":"type.googleapis.com/google.cloud.functions.v2.Function","name":"projects/tehai-carpenter/locations/us-central1/functions/sendEmailTemporary","buildConfig":{"runtime":"nodejs20","entryPoint":"sendEmailTemporary","source":{"storageSource":{"bucket":"gcf-v2-sources-779170517044-us-central1","object":"sendEmailTemporary/function-source.zip","generation":"1746688722074990"}},"environmentVariables":{"GOOGLE_NODE_RUN_SCRIPTS":""},"dockerRepository":"projects/tehai-carpenter/locations/us-central1/repositories/gcf-artifacts","serviceAccount":"projects/tehai-carpenter/serviceAccounts/779170517044-compute@developer.gserviceaccount.com","automaticUpdatePolicy":{}},"serviceConfig":{"service":"projects/tehai-carpenter/locations/us-central1/services/sendemailtemporary","timeoutSeconds":60,"environmentVariables":{"FIREBASE_CONFIG":"{\"projectId\":\"tehai-carpenter\",\"storageBucket\":\"tehai-carpenter.firebasestorage.app\"}","GCLOUD_PROJECT":"tehai-carpenter","EVENTARC_CLOUD_EVENT_SOURCE":"projects/tehai-carpenter/locations/us-central1/services/sendEmailTemporary","FUNCTION_TARGET":"sendEmailTemporary","LOG_EXECUTION_ID":"true"},"ingressSettings":"ALLOW_ALL","serviceAccountEmail":"779170517044-compute@developer.gserviceaccount.com","availableMemory":"256Mi","allTrafficOnLatestRevision":true,"revision":"sendemailtemporary-00003-muc","maxInstanceRequestConcurrency":80,"availableCpu":"1"},"state":"ACTIVE","labels":{"deployment-tool":"cloudfunctions","firebase-functions-hash":"0fc40d7a0fcee69474129b97466cfdc042ac6164"},"environment":"GEN_2","url":"https://us-central1-tehai-carpenter.cloudfunctions.net/sendEmailTemporary","satisfiesPzi":true},"stages":[{"name":"BUILD","message":"Build in progress","state":"IN_PROGRESS","resource":"projects/779170517044/locations/us-central1/builds/6e450aa4-0216-46b8-981e-b23c61f9ea17","resourceUri":"https://console.cloud.google.com/cloud-build/builds;region=us-central1/6e450aa4-0216-46b8-981e-b23c61f9ea17?project=779170517044"},{"name":"SERVICE","state":"NOT_STARTED"}],"operationType":"UPDATE_FUNCTION","buildName":"projects/779170517044/locations/us-central1/builds/6e450aa4-0216-46b8-981e-b23c61f9ea17"},"done":false}
[debug] [2025-05-08T07:18:48.724Z] [update-default-us-central1-sendEmailTemporary] Retrying task index 0
[debug] [2025-05-08T07:18:48.724Z] Checked if tokens are valid: true, expires at: 1746689930322
[debug] [2025-05-08T07:18:48.724Z] Checked if tokens are valid: true, expires at: 1746689930322
[debug] [2025-05-08T07:18:48.725Z] >>> [apiv2][query] GET https://cloudfunctions.googleapis.com/v2/projects/tehai-carpenter/locations/us-central1/operations/operation-1746688721225-6349aa8c30784-3c968461-002070b5 [none]
[debug] [2025-05-08T07:18:49.798Z] <<< [apiv2][status] GET https://cloudfunctions.googleapis.com/v2/projects/tehai-carpenter/locations/us-central1/operations/operation-1746688721225-6349aa8c30784-3c968461-002070b5 200
[debug] [2025-05-08T07:18:49.798Z] <<< [apiv2][body] GET https://cloudfunctions.googleapis.com/v2/projects/tehai-carpenter/locations/us-central1/operations/operation-1746688721225-6349aa8c30784-3c968461-002070b5 {"name":"projects/tehai-carpenter/locations/us-central1/operations/operation-1746688721225-6349aa8c30784-3c968461-002070b5","metadata":{"@type":"type.googleapis.com/google.cloud.functions.v2.OperationMetadata","createTime":"2025-05-08T07:18:42.139876186Z","target":"projects/tehai-carpenter/locations/us-central1/functions/sendEmailTemporary","verb":"update","cancelRequested":false,"apiVersion":"v2","requestResource":{"@type":"type.googleapis.com/google.cloud.functions.v2.Function","name":"projects/tehai-carpenter/locations/us-central1/functions/sendEmailTemporary","buildConfig":{"runtime":"nodejs20","entryPoint":"sendEmailTemporary","source":{"storageSource":{"bucket":"gcf-v2-sources-779170517044-us-central1","object":"sendEmailTemporary/function-source.zip","generation":"1746688722074990"}},"environmentVariables":{"GOOGLE_NODE_RUN_SCRIPTS":""},"dockerRepository":"projects/tehai-carpenter/locations/us-central1/repositories/gcf-artifacts","serviceAccount":"projects/tehai-carpenter/serviceAccounts/779170517044-compute@developer.gserviceaccount.com","automaticUpdatePolicy":{}},"serviceConfig":{"service":"projects/tehai-carpenter/locations/us-central1/services/sendemailtemporary","timeoutSeconds":60,"environmentVariables":{"FIREBASE_CONFIG":"{\"projectId\":\"tehai-carpenter\",\"storageBucket\":\"tehai-carpenter.firebasestorage.app\"}","GCLOUD_PROJECT":"tehai-carpenter","EVENTARC_CLOUD_EVENT_SOURCE":"projects/tehai-carpenter/locations/us-central1/services/sendEmailTemporary","FUNCTION_TARGET":"sendEmailTemporary","LOG_EXECUTION_ID":"true"},"ingressSettings":"ALLOW_ALL","serviceAccountEmail":"779170517044-compute@developer.gserviceaccount.com","availableMemory":"256Mi","allTrafficOnLatestRevision":true,"revision":"sendemailtemporary-00003-muc","maxInstanceRequestConcurrency":80,"availableCpu":"1"},"state":"ACTIVE","labels":{"deployment-tool":"cloudfunctions","firebase-functions-hash":"0fc40d7a0fcee69474129b97466cfdc042ac6164"},"environment":"GEN_2","url":"https://us-central1-tehai-carpenter.cloudfunctions.net/sendEmailTemporary","satisfiesPzi":true},"stages":[{"name":"BUILD","message":"Build in progress","state":"IN_PROGRESS","resource":"projects/779170517044/locations/us-central1/builds/6e450aa4-0216-46b8-981e-b23c61f9ea17","resourceUri":"https://console.cloud.google.com/cloud-build/builds;region=us-central1/6e450aa4-0216-46b8-981e-b23c61f9ea17?project=779170517044"},{"name":"SERVICE","state":"NOT_STARTED"}],"operationType":"UPDATE_FUNCTION","buildName":"projects/779170517044/locations/us-central1/builds/6e450aa4-0216-46b8-981e-b23c61f9ea17"},"done":false}
[debug] [2025-05-08T07:18:53.800Z] [update-default-us-central1-sendEmailTemporary] Retrying task index 0
[debug] [2025-05-08T07:18:53.801Z] Checked if tokens are valid: true, expires at: 1746689930322
[debug] [2025-05-08T07:18:53.802Z] Checked if tokens are valid: true, expires at: 1746689930322
[debug] [2025-05-08T07:18:53.802Z] >>> [apiv2][query] GET https://cloudfunctions.googleapis.com/v2/projects/tehai-carpenter/locations/us-central1/operations/operation-1746688721225-6349aa8c30784-3c968461-002070b5 [none]
[debug] [2025-05-08T07:18:54.897Z] <<< [apiv2][status] GET https://cloudfunctions.googleapis.com/v2/projects/tehai-carpenter/locations/us-central1/operations/operation-1746688721225-6349aa8c30784-3c968461-002070b5 200
[debug] [2025-05-08T07:18:54.897Z] <<< [apiv2][body] GET https://cloudfunctions.googleapis.com/v2/projects/tehai-carpenter/locations/us-central1/operations/operation-1746688721225-6349aa8c30784-3c968461-002070b5 {"name":"projects/tehai-carpenter/locations/us-central1/operations/operation-1746688721225-6349aa8c30784-3c968461-002070b5","metadata":{"@type":"type.googleapis.com/google.cloud.functions.v2.OperationMetadata","createTime":"2025-05-08T07:18:42.139876186Z","target":"projects/tehai-carpenter/locations/us-central1/functions/sendEmailTemporary","verb":"update","cancelRequested":false,"apiVersion":"v2","requestResource":{"@type":"type.googleapis.com/google.cloud.functions.v2.Function","name":"projects/tehai-carpenter/locations/us-central1/functions/sendEmailTemporary","buildConfig":{"runtime":"nodejs20","entryPoint":"sendEmailTemporary","source":{"storageSource":{"bucket":"gcf-v2-sources-779170517044-us-central1","object":"sendEmailTemporary/function-source.zip","generation":"1746688722074990"}},"environmentVariables":{"GOOGLE_NODE_RUN_SCRIPTS":""},"dockerRepository":"projects/tehai-carpenter/locations/us-central1/repositories/gcf-artifacts","serviceAccount":"projects/tehai-carpenter/serviceAccounts/779170517044-compute@developer.gserviceaccount.com","automaticUpdatePolicy":{}},"serviceConfig":{"service":"projects/tehai-carpenter/locations/us-central1/services/sendemailtemporary","timeoutSeconds":60,"environmentVariables":{"FIREBASE_CONFIG":"{\"projectId\":\"tehai-carpenter\",\"storageBucket\":\"tehai-carpenter.firebasestorage.app\"}","GCLOUD_PROJECT":"tehai-carpenter","EVENTARC_CLOUD_EVENT_SOURCE":"projects/tehai-carpenter/locations/us-central1/services/sendEmailTemporary","FUNCTION_TARGET":"sendEmailTemporary","LOG_EXECUTION_ID":"true"},"ingressSettings":"ALLOW_ALL","serviceAccountEmail":"779170517044-compute@developer.gserviceaccount.com","availableMemory":"256Mi","allTrafficOnLatestRevision":true,"revision":"sendemailtemporary-00003-muc","maxInstanceRequestConcurrency":80,"availableCpu":"1"},"state":"ACTIVE","labels":{"deployment-tool":"cloudfunctions","firebase-functions-hash":"0fc40d7a0fcee69474129b97466cfdc042ac6164"},"environment":"GEN_2","url":"https://us-central1-tehai-carpenter.cloudfunctions.net/sendEmailTemporary","satisfiesPzi":true},"stages":[{"name":"BUILD","message":"Build in progress","state":"IN_PROGRESS","resource":"projects/779170517044/locations/us-central1/builds/6e450aa4-0216-46b8-981e-b23c61f9ea17","resourceUri":"https://console.cloud.google.com/cloud-build/builds;region=us-central1/6e450aa4-0216-46b8-981e-b23c61f9ea17?project=779170517044"},{"name":"SERVICE","state":"NOT_STARTED"}],"operationType":"UPDATE_FUNCTION","buildName":"projects/779170517044/locations/us-central1/builds/6e450aa4-0216-46b8-981e-b23c61f9ea17"},"done":false}
[debug] [2025-05-08T07:19:02.898Z] [update-default-us-central1-sendEmailTemporary] Retrying task index 0
[debug] [2025-05-08T07:19:02.899Z] Checked if tokens are valid: true, expires at: 1746689930322
[debug] [2025-05-08T07:19:02.899Z] Checked if tokens are valid: true, expires at: 1746689930322
[debug] [2025-05-08T07:19:02.900Z] >>> [apiv2][query] GET https://cloudfunctions.googleapis.com/v2/projects/tehai-carpenter/locations/us-central1/operations/operation-1746688721225-6349aa8c30784-3c968461-002070b5 [none]
[debug] [2025-05-08T07:19:04.036Z] <<< [apiv2][status] GET https://cloudfunctions.googleapis.com/v2/projects/tehai-carpenter/locations/us-central1/operations/operation-1746688721225-6349aa8c30784-3c968461-002070b5 200
[debug] [2025-05-08T07:19:04.036Z] <<< [apiv2][body] GET https://cloudfunctions.googleapis.com/v2/projects/tehai-carpenter/locations/us-central1/operations/operation-1746688721225-6349aa8c30784-3c968461-002070b5 {"name":"projects/tehai-carpenter/locations/us-central1/operations/operation-1746688721225-6349aa8c30784-3c968461-002070b5","metadata":{"@type":"type.googleapis.com/google.cloud.functions.v2.OperationMetadata","createTime":"2025-05-08T07:18:42.139876186Z","target":"projects/tehai-carpenter/locations/us-central1/functions/sendEmailTemporary","verb":"update","cancelRequested":false,"apiVersion":"v2","requestResource":{"@type":"type.googleapis.com/google.cloud.functions.v2.Function","name":"projects/tehai-carpenter/locations/us-central1/functions/sendEmailTemporary","buildConfig":{"runtime":"nodejs20","entryPoint":"sendEmailTemporary","source":{"storageSource":{"bucket":"gcf-v2-sources-779170517044-us-central1","object":"sendEmailTemporary/function-source.zip","generation":"1746688722074990"}},"environmentVariables":{"GOOGLE_NODE_RUN_SCRIPTS":""},"dockerRepository":"projects/tehai-carpenter/locations/us-central1/repositories/gcf-artifacts","serviceAccount":"projects/tehai-carpenter/serviceAccounts/779170517044-compute@developer.gserviceaccount.com","automaticUpdatePolicy":{}},"serviceConfig":{"service":"projects/tehai-carpenter/locations/us-central1/services/sendemailtemporary","timeoutSeconds":60,"environmentVariables":{"FIREBASE_CONFIG":"{\"projectId\":\"tehai-carpenter\",\"storageBucket\":\"tehai-carpenter.firebasestorage.app\"}","GCLOUD_PROJECT":"tehai-carpenter","EVENTARC_CLOUD_EVENT_SOURCE":"projects/tehai-carpenter/locations/us-central1/services/sendEmailTemporary","FUNCTION_TARGET":"sendEmailTemporary","LOG_EXECUTION_ID":"true"},"ingressSettings":"ALLOW_ALL","serviceAccountEmail":"779170517044-compute@developer.gserviceaccount.com","availableMemory":"256Mi","allTrafficOnLatestRevision":true,"revision":"sendemailtemporary-00003-muc","maxInstanceRequestConcurrency":80,"availableCpu":"1"},"state":"ACTIVE","labels":{"deployment-tool":"cloudfunctions","firebase-functions-hash":"0fc40d7a0fcee69474129b97466cfdc042ac6164"},"environment":"GEN_2","url":"https://us-central1-tehai-carpenter.cloudfunctions.net/sendEmailTemporary","satisfiesPzi":true},"stages":[{"name":"BUILD","message":"Build in progress","state":"IN_PROGRESS","resource":"projects/779170517044/locations/us-central1/builds/6e450aa4-0216-46b8-981e-b23c61f9ea17","resourceUri":"https://console.cloud.google.com/cloud-build/builds;region=us-central1/6e450aa4-0216-46b8-981e-b23c61f9ea17?project=779170517044"},{"name":"SERVICE","state":"NOT_STARTED"}],"operationType":"UPDATE_FUNCTION","buildName":"projects/779170517044/locations/us-central1/builds/6e450aa4-0216-46b8-981e-b23c61f9ea17"},"done":false}
[debug] [2025-05-08T07:19:14.038Z] [update-default-us-central1-sendEmailTemporary] Retrying task index 0
[debug] [2025-05-08T07:19:14.039Z] Checked if tokens are valid: true, expires at: 1746689930322
[debug] [2025-05-08T07:19:14.039Z] Checked if tokens are valid: true, expires at: 1746689930322
[debug] [2025-05-08T07:19:14.039Z] >>> [apiv2][query] GET https://cloudfunctions.googleapis.com/v2/projects/tehai-carpenter/locations/us-central1/operations/operation-1746688721225-6349aa8c30784-3c968461-002070b5 [none]
[debug] [2025-05-08T07:19:15.155Z] <<< [apiv2][status] GET https://cloudfunctions.googleapis.com/v2/projects/tehai-carpenter/locations/us-central1/operations/operation-1746688721225-6349aa8c30784-3c968461-002070b5 200
[debug] [2025-05-08T07:19:15.155Z] <<< [apiv2][body] GET https://cloudfunctions.googleapis.com/v2/projects/tehai-carpenter/locations/us-central1/operations/operation-1746688721225-6349aa8c30784-3c968461-002070b5 {"name":"projects/tehai-carpenter/locations/us-central1/operations/operation-1746688721225-6349aa8c30784-3c968461-002070b5","metadata":{"@type":"type.googleapis.com/google.cloud.functions.v2.OperationMetadata","createTime":"2025-05-08T07:18:42.139876186Z","target":"projects/tehai-carpenter/locations/us-central1/functions/sendEmailTemporary","verb":"update","cancelRequested":false,"apiVersion":"v2","requestResource":{"@type":"type.googleapis.com/google.cloud.functions.v2.Function","name":"projects/tehai-carpenter/locations/us-central1/functions/sendEmailTemporary","buildConfig":{"runtime":"nodejs20","entryPoint":"sendEmailTemporary","source":{"storageSource":{"bucket":"gcf-v2-sources-779170517044-us-central1","object":"sendEmailTemporary/function-source.zip","generation":"1746688722074990"}},"environmentVariables":{"GOOGLE_NODE_RUN_SCRIPTS":""},"dockerRepository":"projects/tehai-carpenter/locations/us-central1/repositories/gcf-artifacts","serviceAccount":"projects/tehai-carpenter/serviceAccounts/779170517044-compute@developer.gserviceaccount.com","automaticUpdatePolicy":{}},"serviceConfig":{"service":"projects/tehai-carpenter/locations/us-central1/services/sendemailtemporary","timeoutSeconds":60,"environmentVariables":{"FIREBASE_CONFIG":"{\"projectId\":\"tehai-carpenter\",\"storageBucket\":\"tehai-carpenter.firebasestorage.app\"}","GCLOUD_PROJECT":"tehai-carpenter","EVENTARC_CLOUD_EVENT_SOURCE":"projects/tehai-carpenter/locations/us-central1/services/sendEmailTemporary","FUNCTION_TARGET":"sendEmailTemporary","LOG_EXECUTION_ID":"true"},"ingressSettings":"ALLOW_ALL","serviceAccountEmail":"779170517044-compute@developer.gserviceaccount.com","availableMemory":"256Mi","allTrafficOnLatestRevision":true,"revision":"sendemailtemporary-00003-muc","maxInstanceRequestConcurrency":80,"availableCpu":"1"},"state":"ACTIVE","labels":{"deployment-tool":"cloudfunctions","firebase-functions-hash":"0fc40d7a0fcee69474129b97466cfdc042ac6164"},"environment":"GEN_2","url":"https://us-central1-tehai-carpenter.cloudfunctions.net/sendEmailTemporary","satisfiesPzi":true},"stages":[{"name":"BUILD","message":"Build in progress","state":"IN_PROGRESS","resource":"projects/779170517044/locations/us-central1/builds/6e450aa4-0216-46b8-981e-b23c61f9ea17","resourceUri":"https://console.cloud.google.com/cloud-build/builds;region=us-central1/6e450aa4-0216-46b8-981e-b23c61f9ea17?project=779170517044"},{"name":"SERVICE","state":"NOT_STARTED"}],"operationType":"UPDATE_FUNCTION","buildName":"projects/779170517044/locations/us-central1/builds/6e450aa4-0216-46b8-981e-b23c61f9ea17"},"done":false}
[debug] [2025-05-08T07:19:25.158Z] [update-default-us-central1-sendEmailTemporary] Retrying task index 0
[debug] [2025-05-08T07:19:25.165Z] Checked if tokens are valid: true, expires at: 1746689930322
[debug] [2025-05-08T07:19:25.165Z] Checked if tokens are valid: true, expires at: 1746689930322
[debug] [2025-05-08T07:19:25.166Z] >>> [apiv2][query] GET https://cloudfunctions.googleapis.com/v2/projects/tehai-carpenter/locations/us-central1/operations/operation-1746688721225-6349aa8c30784-3c968461-002070b5 [none]
[debug] [2025-05-08T07:19:26.255Z] <<< [apiv2][status] GET https://cloudfunctions.googleapis.com/v2/projects/tehai-carpenter/locations/us-central1/operations/operation-1746688721225-6349aa8c30784-3c968461-002070b5 200
[debug] [2025-05-08T07:19:26.255Z] <<< [apiv2][body] GET https://cloudfunctions.googleapis.com/v2/projects/tehai-carpenter/locations/us-central1/operations/operation-1746688721225-6349aa8c30784-3c968461-002070b5 {"name":"projects/tehai-carpenter/locations/us-central1/operations/operation-1746688721225-6349aa8c30784-3c968461-002070b5","metadata":{"@type":"type.googleapis.com/google.cloud.functions.v2.OperationMetadata","createTime":"2025-05-08T07:18:42.139876186Z","endTime":"2025-05-08T07:19:26.276116114Z","target":"projects/tehai-carpenter/locations/us-central1/functions/sendEmailTemporary","verb":"update","cancelRequested":false,"apiVersion":"v2","requestResource":{"@type":"type.googleapis.com/google.cloud.functions.v2.Function","name":"projects/tehai-carpenter/locations/us-central1/functions/sendEmailTemporary","buildConfig":{"runtime":"nodejs20","entryPoint":"sendEmailTemporary","source":{"storageSource":{"bucket":"gcf-v2-sources-779170517044-us-central1","object":"sendEmailTemporary/function-source.zip","generation":"1746688722074990"}},"environmentVariables":{"GOOGLE_NODE_RUN_SCRIPTS":""},"dockerRepository":"projects/tehai-carpenter/locations/us-central1/repositories/gcf-artifacts","serviceAccount":"projects/tehai-carpenter/serviceAccounts/779170517044-compute@developer.gserviceaccount.com","automaticUpdatePolicy":{}},"serviceConfig":{"service":"projects/tehai-carpenter/locations/us-central1/services/sendemailtemporary","timeoutSeconds":60,"environmentVariables":{"FIREBASE_CONFIG":"{\"projectId\":\"tehai-carpenter\",\"storageBucket\":\"tehai-carpenter.firebasestorage.app\"}","GCLOUD_PROJECT":"tehai-carpenter","EVENTARC_CLOUD_EVENT_SOURCE":"projects/tehai-carpenter/locations/us-central1/services/sendEmailTemporary","FUNCTION_TARGET":"sendEmailTemporary","LOG_EXECUTION_ID":"true"},"ingressSettings":"ALLOW_ALL","serviceAccountEmail":"779170517044-compute@developer.gserviceaccount.com","availableMemory":"256Mi","allTrafficOnLatestRevision":true,"revision":"sendemailtemporary-00003-muc","maxInstanceRequestConcurrency":80,"availableCpu":"1"},"state":"ACTIVE","labels":{"deployment-tool":"cloudfunctions","firebase-functions-hash":"0fc40d7a0fcee69474129b97466cfdc042ac6164"},"environment":"GEN_2","url":"https://us-central1-tehai-carpenter.cloudfunctions.net/sendEmailTemporary","satisfiesPzi":true},"stages":[{"name":"SERVICE","state":"NOT_STARTED"}],"operationType":"UPDATE_FUNCTION"},"done":true,"error":{"code":3,"message":"Build failed with status: FAILURE and message: npm error code EUSAGE\nnpm error\nnpm error `npm ci` can only install packages when your package.json and package-lock.json or npm-shrinkwrap.json are in sync. Please update your lock file with `npm install` before continuing.\nnpm error\nnpm error Invalid: lock file's express@4.21.2 does not satisfy express@5.1.0\nnpm error Invalid: lock file's firebase-functions@6.3.2 does not satisfy firebase-functions@4.9.0\nnpm error Missing: multer@1.4.5-lts.2 from lock file\nnpm error Missing: nodemailer@7.0.2 from lock file\nnpm error Invalid: lock file's accepts@1.3.8 does not satisfy accepts@2.0.0\nnpm error Invalid: lock file's body-parser@1.20.3 does not satisfy body-parser@2.2.0\nnpm error Invalid: lock file's content-disposition@0.5.4 does not satisfy content-disposition@1.0.0\nnpm error Invalid: lock file's cookie-signature@1.0.6 does not satisfy cookie-signature@1.2.2\nnpm error Invalid: lock file's finalhandler@1.3.1 does not satisfy finalhandler@2.1.0\nnpm error Invalid: lock file's fresh@0.5.2 does not satisfy fresh@2.0.0\nnpm error Invalid: lock file's merge-descriptors@1.0.3 does not satisfy merge-descriptors@2.0.0\nnpm error Missing: mime-types@3.0.1 from lock file\nnpm error Invalid: lock file's qs@6.13.0 does not satisfy qs@6.14.0\nnpm error Missing: router@2.2.0 from lock file\nnpm error Invalid: lock file's send@0.19.0 does not satisfy send@1.2.0\nnpm error Invalid: lock file's serve-static@1.16.2 does not satisfy serve-static@2.2.0\nnpm error Invalid: lock file's type-is@1.6.18 does not satisfy type-is@2.0.1\nnpm error Missing: mime-types@3.0.1 from lock file\nnpm error Invalid: lock file's negotiator@0.6.3 does not satisfy negotiator@1.0.0\nnpm error Invalid: lock file's iconv-lite@0.4.24 does not satisfy iconv-lite@0.6.3\nnpm error Invalid: lock file's raw-body@2.5.2 does not satisfy raw-body@3.0.0\nnpm error Missing: @types/express@4.17.3 from lock file\nnpm error Missing: express@4.21.2 from lock file\nnpm error Missing: append-field@1.0.0 from lock file\nnpm error Missing: busboy@1.6.0 from lock file\nnpm error Missing: concat-stream@1.6.2 from lock file\nnpm error Missing: mkdirp@0.5.6 from lock file\nnpm error Missing: type-is@1.6.18 from lock file\nnpm error Missing: xtend@4.0.2 from lock file\nnpm error Missing: streamsearch@1.1.0 from lock file\nnpm error Missing: readable-stream@2.3.8 from lock file\nnpm error Missing: typedarray@0.0.6 from lock file\nnpm error Missing: minimist@1.2.8 from lock file\nnpm error Missing: is-promise@4.0.0 from lock file\nnpm error Invalid: lock file's path-to-regexp@0.1.12 does not satisfy path-to-regexp@8.2.0\nnpm error Missing: mime-types@3.0.1 from lock file\nnpm error Invalid: lock file's media-typer@0.3.0 does not satisfy media-typer@1.1.0\nnpm error Missing: mime-types@3.0.1 from lock file\nnpm error Missing: mime-db@1.54.0 from lock file\nnpm error Missing: core-util-is@1.0.3 from lock file\nnpm error Missing: isarray@1.0.0 from lock file\nnpm error Missing: process-nextick-args@2.0.1 from lock file\nnpm error Missing: safe-buffer@5.1.2 from lock file\nnpm error Missing: string_decoder@1.1.1 from lock file\nnpm error Missing: mime-db@1.54.0 from lock file\nnpm error Missing: accepts@1.3.8 from lock file\nnpm error Missing: body-parser@1.20.3 from lock file\nnpm error Missing: content-disposition@0.5.4 from lock file\nnpm error Missing: cookie-signature@1.0.6 from lock file\nnpm error Missing: debug@2.6.9 from lock file\nnpm error Missing: finalhandler@1.3.1 from lock file\nnpm error Missing: fresh@0.5.2 from lock file\nnpm error Missing: merge-descriptors@1.0.3 from lock file\nnpm error Missing: path-to-regexp@0.1.12 from lock file\nnpm error Missing: qs@6.13.0 from lock file\nnpm error Missing: send@0.19.0 from lock file\nnpm error Missing: serve-static@1.16.2 from lock file\nnpm error Missing: type-is@1.6.18 from lock file\nnpm error Missing: negotiator@0.6.3 from lock file\nnpm error Missing: iconv-lite@0.4.24 from lock file\nnpm error Missing: raw-body@2.5.2 from lock file\nnpm error Missing: ms@2.0.0 from lock file\nnpm error Missing: encodeurl@1.0.2 from lock file\nnpm error Missing: mime@1.6.0 from lock file\nnpm error Missing: media-typer@0.3.0 from lock file\nnpm error Missing: media-typer@0.3.0 from lock file\nnpm error Missing: mime-db@1.54.0 from lock file\nnpm error Missing: mime-db@1.54.0 from lock file\nnpm error\nnpm error Clean install a project\nnpm error\nnpm error Usage:\nnpm error npm ci\nnpm error\nnpm error Options:\nnpm error [--install-strategy <hoisted|nested|shallow|linked>] [--legacy-bundling]\nnpm error [--global-style] [--omit <dev|optional|peer> [--omit <dev|optional|peer> ...]]\nnpm error [--include <prod|dev|optional|peer> [--include <prod|dev|optional|peer> ...]]\nnpm error [--strict-peer-deps] [--foreground-scripts] [--ignore-scripts] [--no-audit]\nnpm error [--no-bin-links] [--no-fund] [--dry-run]\nnpm error [-w|--workspace <workspace-name> [-w|--workspace <workspace-name> ...]]\nnpm error [-ws|--workspaces] [--include-workspace-root] [--install-links]\nnpm error\nnpm error aliases: clean-install, ic, install-clean, isntall-clean\nnpm error\nnpm error Run \"npm help ci\" for more info\nnpm error A complete log of this run can be found in: /www-data-home/.npm/_logs/2025-05-08T07_19_06_787Z-debug-0.log. For more details see the logs at https://console.cloud.google.com/cloud-build/builds;region=us-central1/6e450aa4-0216-46b8-981e-b23c61f9ea17?project=779170517044."}}
[debug] [2025-05-08T07:19:26.255Z] Got source token undefined for region us-central1
[error] Build failed with status: FAILURE and message: npm error code EUSAGE
npm error
npm error `npm ci` can only install packages when your package.json and package-lock.json or npm-shrinkwrap.json are in sync. Please update your lock file with `npm install` before continuing.
npm error
npm error Invalid: lock file's express@4.21.2 does not satisfy express@5.1.0
npm error Invalid: lock file's firebase-functions@6.3.2 does not satisfy firebase-functions@4.9.0
npm error Missing: multer@1.4.5-lts.2 from lock file
npm error Missing: nodemailer@7.0.2 from lock file
npm error Invalid: lock file's accepts@1.3.8 does not satisfy accepts@2.0.0
npm error Invalid: lock file's body-parser@1.20.3 does not satisfy body-parser@2.2.0
npm error Invalid: lock file's content-disposition@0.5.4 does not satisfy content-disposition@1.0.0
npm error Invalid: lock file's cookie-signature@1.0.6 does not satisfy cookie-signature@1.2.2
npm error Invalid: lock file's finalhandler@1.3.1 does not satisfy finalhandler@2.1.0
npm error Invalid: lock file's fresh@0.5.2 does not satisfy fresh@2.0.0
npm error Invalid: lock file's merge-descriptors@1.0.3 does not satisfy merge-descriptors@2.0.0
npm error Missing: mime-types@3.0.1 from lock file
npm error Invalid: lock file's qs@6.13.0 does not satisfy qs@6.14.0
npm error Missing: router@2.2.0 from lock file
npm error Invalid: lock file's send@0.19.0 does not satisfy send@1.2.0
npm error Invalid: lock file's serve-static@1.16.2 does not satisfy serve-static@2.2.0
npm error Invalid: lock file's type-is@1.6.18 does not satisfy type-is@2.0.1
npm error Missing: mime-types@3.0.1 from lock file
npm error Invalid: lock file's negotiator@0.6.3 does not satisfy negotiator@1.0.0
npm error Invalid: lock file's iconv-lite@0.4.24 does not satisfy iconv-lite@0.6.3
npm error Invalid: lock file's raw-body@2.5.2 does not satisfy raw-body@3.0.0
npm error Missing: @types/express@4.17.3 from lock file
npm error Missing: express@4.21.2 from lock file
npm error Missing: append-field@1.0.0 from lock file
npm error Missing: busboy@1.6.0 from lock file
npm error Missing: concat-stream@1.6.2 from lock file
npm error Missing: mkdirp@0.5.6 from lock file
npm error Missing: type-is@1.6.18 from lock file
npm error Missing: xtend@4.0.2 from lock file
npm error Missing: streamsearch@1.1.0 from lock file
npm error Missing: readable-stream@2.3.8 from lock file
npm error Missing: typedarray@0.0.6 from lock file
npm error Missing: minimist@1.2.8 from lock file
npm error Missing: is-promise@4.0.0 from lock file
npm error Invalid: lock file's path-to-regexp@0.1.12 does not satisfy path-to-regexp@8.2.0
npm error Missing: mime-types@3.0.1 from lock file
npm error Invalid: lock file's media-typer@0.3.0 does not satisfy media-typer@1.1.0
npm error Missing: mime-types@3.0.1 from lock file
npm error Missing: mime-db@1.54.0 from lock file
npm error Missing: core-util-is@1.0.3 from lock file
npm error Missing: isarray@1.0.0 from lock file
npm error Missing: process-nextick-args@2.0.1 from lock file
npm error Missing: safe-buffer@5.1.2 from lock file
npm error Missing: string_decoder@1.1.1 from lock file
npm error Missing: mime-db@1.54.0 from lock file
npm error Missing: accepts@1.3.8 from lock file
npm error Missing: body-parser@1.20.3 from lock file
npm error Missing: content-disposition@0.5.4 from lock file
npm error Missing: cookie-signature@1.0.6 from lock file
npm error Missing: debug@2.6.9 from lock file
npm error Missing: finalhandler@1.3.1 from lock file
npm error Missing: fresh@0.5.2 from lock file
npm error Missing: merge-descriptors@1.0.3 from lock file
npm error Missing: path-to-regexp@0.1.12 from lock file
npm error Missing: qs@6.13.0 from lock file
npm error Missing: send@0.19.0 from lock file
npm error Missing: serve-static@1.16.2 from lock file
npm error Missing: type-is@1.6.18 from lock file
npm error Missing: negotiator@0.6.3 from lock file
npm error Missing: iconv-lite@0.4.24 from lock file
npm error Missing: raw-body@2.5.2 from lock file
npm error Missing: ms@2.0.0 from lock file
npm error Missing: encodeurl@1.0.2 from lock file
npm error Missing: mime@1.6.0 from lock file
npm error Missing: media-typer@0.3.0 from lock file
npm error Missing: media-typer@0.3.0 from lock file
npm error Missing: mime-db@1.54.0 from lock file
npm error Missing: mime-db@1.54.0 from lock file
npm error
npm error Clean install a project
npm error
npm error Usage:
npm error npm ci
npm error
npm error Options:
npm error [--install-strategy <hoisted|nested|shallow|linked>] [--legacy-bundling]
npm error [--global-style] [--omit <dev|optional|peer> [--omit <dev|optional|peer> ...]]
npm error [--include <prod|dev|optional|peer> [--include <prod|dev|optional|peer> ...]]
npm error [--strict-peer-deps] [--foreground-scripts] [--ignore-scripts] [--no-audit]
npm error [--no-bin-links] [--no-fund] [--dry-run]
npm error [-w|--workspace <workspace-name> [-w|--workspace <workspace-name> ...]]
npm error [-ws|--workspaces] [--include-workspace-root] [--install-links]
npm error
npm error aliases: clean-install, ic, install-clean, isntall-clean
npm error
npm error Run "npm help ci" for more info
npm error A complete log of this run can be found in: /www-data-home/.npm/_logs/2025-05-08T07_19_06_787Z-debug-0.log. For more details see the logs at https://console.cloud.google.com/cloud-build/builds;region=us-central1/6e450aa4-0216-46b8-981e-b23c61f9ea17?project=779170517044.
[debug] [2025-05-08T07:19:26.266Z] Total Function Deployment time: 46324
[debug] [2025-05-08T07:19:26.266Z] 1 Functions Deployed
[debug] [2025-05-08T07:19:26.266Z] 1 Functions Errored
[debug] [2025-05-08T07:19:26.266Z] 0 Function Deployments Aborted
[debug] [2025-05-08T07:19:26.266Z] Average Function Deployment time: 46323
[info] 
[info] Functions deploy had errors with the following functions:
	sendEmailTemporary(us-central1)
[debug] [2025-05-08T07:19:26.431Z] Not printing URL for HTTPS function. Typically this means it didn't match a filter or we failed deployment
[debug] [2025-05-08T07:19:26.432Z] Checked if tokens are valid: true, expires at: 1746689930322
[debug] [2025-05-08T07:19:26.432Z] Checked if tokens are valid: true, expires at: 1746689930322
[debug] [2025-05-08T07:19:26.432Z] >>> [apiv2][query] GET https://artifactregistry.googleapis.com/v1/projects/tehai-carpenter/locations/us-central1/repositories/gcf-artifacts [none]
[debug] [2025-05-08T07:19:27.551Z] <<< [apiv2][status] GET https://artifactregistry.googleapis.com/v1/projects/tehai-carpenter/locations/us-central1/repositories/gcf-artifacts 200
[debug] [2025-05-08T07:19:27.551Z] <<< [apiv2][body] GET https://artifactregistry.googleapis.com/v1/projects/tehai-carpenter/locations/us-central1/repositories/gcf-artifacts {"name":"projects/tehai-carpenter/locations/us-central1/repositories/gcf-artifacts","format":"DOCKER","description":"This repository is created and used by Cloud Functions for storing function docker images.","labels":{"goog-managed-by":"cloudfunctions"},"createTime":"2025-05-08T01:02:19.799098Z","updateTime":"2025-05-08T06:48:15.941810Z","mode":"STANDARD_REPOSITORY","cleanupPolicies":{"firebase-functions-cleanup":{"id":"firebase-functions-cleanup","action":"DELETE","condition":{"tagState":"ANY","olderThan":"86400s"}}},"sizeBytes":"216359106","vulnerabilityScanningConfig":{"lastEnableTime":"2025-05-08T01:02:10.916354753Z","enablementState":"SCANNING_DISABLED","enablementStateReason":"API containerscanning.googleapis.com is not enabled."},"satisfiesPzi":true,"registryUri":"us-central1-docker.pkg.dev/tehai-carpenter/gcf-artifacts"}
[debug] [2025-05-08T07:19:27.552Z] Functions deploy failed.
[debug] [2025-05-08T07:19:27.552Z] {
  "endpoint": {
    "id": "sendEmailTemporary",
    "project": "tehai-carpenter",
    "region": "us-central1",
    "entryPoint": "sendEmailTemporary",
    "platform": "gcfv2",
    "runtime": "nodejs20",
    "httpsTrigger": {},
    "labels": {
      "deployment-tool": "cli-firebase"
    },
    "serviceAccount": null,
    "ingressSettings": null,
    "availableMemoryMb": null,
    "timeoutSeconds": null,
    "maxInstances": null,
    "minInstances": null,
    "concurrency": 80,
    "vpc": null,
    "environmentVariables": {
      "FIREBASE_CONFIG": "{\"projectId\":\"tehai-carpenter\",\"storageBucket\":\"tehai-carpenter.firebasestorage.app\"}",
      "GCLOUD_PROJECT": "tehai-carpenter",
      "EVENTARC_CLOUD_EVENT_SOURCE": "projects/tehai-carpenter/locations/us-central1/services/sendEmailTemporary",
      "FUNCTION_TARGET": "sendEmailTemporary",
      "LOG_EXECUTION_ID": "true"
    },
    "codebase": "default",
    "runServiceId": "sendemailtemporary",
    "cpu": 1,
    "securityLevel": "SECURE_ALWAYS",
    "targetedByOnly": false,
    "hash": "0fc40d7a0fcee69474129b97466cfdc042ac6164"
  },
  "op": "update",
  "original": {
    "name": "FirebaseError",
    "children": [],
    "exit": 1,
    "message": "Build failed with status: FAILURE and message: npm error code EUSAGE\nnpm error\nnpm error `npm ci` can only install packages when your package.json and package-lock.json or npm-shrinkwrap.json are in sync. Please update your lock file with `npm install` before continuing.\nnpm error\nnpm error Invalid: lock file's express@4.21.2 does not satisfy express@5.1.0\nnpm error Invalid: lock file's firebase-functions@6.3.2 does not satisfy firebase-functions@4.9.0\nnpm error Missing: multer@1.4.5-lts.2 from lock file\nnpm error Missing: nodemailer@7.0.2 from lock file\nnpm error Invalid: lock file's accepts@1.3.8 does not satisfy accepts@2.0.0\nnpm error Invalid: lock file's body-parser@1.20.3 does not satisfy body-parser@2.2.0\nnpm error Invalid: lock file's content-disposition@0.5.4 does not satisfy content-disposition@1.0.0\nnpm error Invalid: lock file's cookie-signature@1.0.6 does not satisfy cookie-signature@1.2.2\nnpm error Invalid: lock file's finalhandler@1.3.1 does not satisfy finalhandler@2.1.0\nnpm error Invalid: lock file's fresh@0.5.2 does not satisfy fresh@2.0.0\nnpm error Invalid: lock file's merge-descriptors@1.0.3 does not satisfy merge-descriptors@2.0.0\nnpm error Missing: mime-types@3.0.1 from lock file\nnpm error Invalid: lock file's qs@6.13.0 does not satisfy qs@6.14.0\nnpm error Missing: router@2.2.0 from lock file\nnpm error Invalid: lock file's send@0.19.0 does not satisfy send@1.2.0\nnpm error Invalid: lock file's serve-static@1.16.2 does not satisfy serve-static@2.2.0\nnpm error Invalid: lock file's type-is@1.6.18 does not satisfy type-is@2.0.1\nnpm error Missing: mime-types@3.0.1 from lock file\nnpm error Invalid: lock file's negotiator@0.6.3 does not satisfy negotiator@1.0.0\nnpm error Invalid: lock file's iconv-lite@0.4.24 does not satisfy iconv-lite@0.6.3\nnpm error Invalid: lock file's raw-body@2.5.2 does not satisfy raw-body@3.0.0\nnpm error Missing: @types/express@4.17.3 from lock file\nnpm error Missing: express@4.21.2 from lock file\nnpm error Missing: append-field@1.0.0 from lock file\nnpm error Missing: busboy@1.6.0 from lock file\nnpm error Missing: concat-stream@1.6.2 from lock file\nnpm error Missing: mkdirp@0.5.6 from lock file\nnpm error Missing: type-is@1.6.18 from lock file\nnpm error Missing: xtend@4.0.2 from lock file\nnpm error Missing: streamsearch@1.1.0 from lock file\nnpm error Missing: readable-stream@2.3.8 from lock file\nnpm error Missing: typedarray@0.0.6 from lock file\nnpm error Missing: minimist@1.2.8 from lock file\nnpm error Missing: is-promise@4.0.0 from lock file\nnpm error Invalid: lock file's path-to-regexp@0.1.12 does not satisfy path-to-regexp@8.2.0\nnpm error Missing: mime-types@3.0.1 from lock file\nnpm error Invalid: lock file's media-typer@0.3.0 does not satisfy media-typer@1.1.0\nnpm error Missing: mime-types@3.0.1 from lock file\nnpm error Missing: mime-db@1.54.0 from lock file\nnpm error Missing: core-util-is@1.0.3 from lock file\nnpm error Missing: isarray@1.0.0 from lock file\nnpm error Missing: process-nextick-args@2.0.1 from lock file\nnpm error Missing: safe-buffer@5.1.2 from lock file\nnpm error Missing: string_decoder@1.1.1 from lock file\nnpm error Missing: mime-db@1.54.0 from lock file\nnpm error Missing: accepts@1.3.8 from lock file\nnpm error Missing: body-parser@1.20.3 from lock file\nnpm error Missing: content-disposition@0.5.4 from lock file\nnpm error Missing: cookie-signature@1.0.6 from lock file\nnpm error Missing: debug@2.6.9 from lock file\nnpm error Missing: finalhandler@1.3.1 from lock file\nnpm error Missing: fresh@0.5.2 from lock file\nnpm error Missing: merge-descriptors@1.0.3 from lock file\nnpm error Missing: path-to-regexp@0.1.12 from lock file\nnpm error Missing: qs@6.13.0 from lock file\nnpm error Missing: send@0.19.0 from lock file\nnpm error Missing: serve-static@1.16.2 from lock file\nnpm error Missing: type-is@1.6.18 from lock file\nnpm error Missing: negotiator@0.6.3 from lock file\nnpm error Missing: iconv-lite@0.4.24 from lock file\nnpm error Missing: raw-body@2.5.2 from lock file\nnpm error Missing: ms@2.0.0 from lock file\nnpm error Missing: encodeurl@1.0.2 from lock file\nnpm error Missing: mime@1.6.0 from lock file\nnpm error Missing: media-typer@0.3.0 from lock file\nnpm error Missing: media-typer@0.3.0 from lock file\nnpm error Missing: mime-db@1.54.0 from lock file\nnpm error Missing: mime-db@1.54.0 from lock file\nnpm error\nnpm error Clean install a project\nnpm error\nnpm error Usage:\nnpm error npm ci\nnpm error\nnpm error Options:\nnpm error [--install-strategy <hoisted|nested|shallow|linked>] [--legacy-bundling]\nnpm error [--global-style] [--omit <dev|optional|peer> [--omit <dev|optional|peer> ...]]\nnpm error [--include <prod|dev|optional|peer> [--include <prod|dev|optional|peer> ...]]\nnpm error [--strict-peer-deps] [--foreground-scripts] [--ignore-scripts] [--no-audit]\nnpm error [--no-bin-links] [--no-fund] [--dry-run]\nnpm error [-w|--workspace <workspace-name> [-w|--workspace <workspace-name> ...]]\nnpm error [-ws|--workspaces] [--include-workspace-root] [--install-links]\nnpm error\nnpm error aliases: clean-install, ic, install-clean, isntall-clean\nnpm error\nnpm error Run \"npm help ci\" for more info\nnpm error A complete log of this run can be found in: /www-data-home/.npm/_logs/2025-05-08T07_19_06_787Z-debug-0.log. For more details see the logs at https://console.cloud.google.com/cloud-build/builds;region=us-central1/6e450aa4-0216-46b8-981e-b23c61f9ea17?project=779170517044.",
    "original": {
      "code": 3,
      "message": "Build failed with status: FAILURE and message: npm error code EUSAGE\nnpm error\nnpm error `npm ci` can only install packages when your package.json and package-lock.json or npm-shrinkwrap.json are in sync. Please update your lock file with `npm install` before continuing.\nnpm error\nnpm error Invalid: lock file's express@4.21.2 does not satisfy express@5.1.0\nnpm error Invalid: lock file's firebase-functions@6.3.2 does not satisfy firebase-functions@4.9.0\nnpm error Missing: multer@1.4.5-lts.2 from lock file\nnpm error Missing: nodemailer@7.0.2 from lock file\nnpm error Invalid: lock file's accepts@1.3.8 does not satisfy accepts@2.0.0\nnpm error Invalid: lock file's body-parser@1.20.3 does not satisfy body-parser@2.2.0\nnpm error Invalid: lock file's content-disposition@0.5.4 does not satisfy content-disposition@1.0.0\nnpm error Invalid: lock file's cookie-signature@1.0.6 does not satisfy cookie-signature@1.2.2\nnpm error Invalid: lock file's finalhandler@1.3.1 does not satisfy finalhandler@2.1.0\nnpm error Invalid: lock file's fresh@0.5.2 does not satisfy fresh@2.0.0\nnpm error Invalid: lock file's merge-descriptors@1.0.3 does not satisfy merge-descriptors@2.0.0\nnpm error Missing: mime-types@3.0.1 from lock file\nnpm error Invalid: lock file's qs@6.13.0 does not satisfy qs@6.14.0\nnpm error Missing: router@2.2.0 from lock file\nnpm error Invalid: lock file's send@0.19.0 does not satisfy send@1.2.0\nnpm error Invalid: lock file's serve-static@1.16.2 does not satisfy serve-static@2.2.0\nnpm error Invalid: lock file's type-is@1.6.18 does not satisfy type-is@2.0.1\nnpm error Missing: mime-types@3.0.1 from lock file\nnpm error Invalid: lock file's negotiator@0.6.3 does not satisfy negotiator@1.0.0\nnpm error Invalid: lock file's iconv-lite@0.4.24 does not satisfy iconv-lite@0.6.3\nnpm error Invalid: lock file's raw-body@2.5.2 does not satisfy raw-body@3.0.0\nnpm error Missing: @types/express@4.17.3 from lock file\nnpm error Missing: express@4.21.2 from lock file\nnpm error Missing: append-field@1.0.0 from lock file\nnpm error Missing: busboy@1.6.0 from lock file\nnpm error Missing: concat-stream@1.6.2 from lock file\nnpm error Missing: mkdirp@0.5.6 from lock file\nnpm error Missing: type-is@1.6.18 from lock file\nnpm error Missing: xtend@4.0.2 from lock file\nnpm error Missing: streamsearch@1.1.0 from lock file\nnpm error Missing: readable-stream@2.3.8 from lock file\nnpm error Missing: typedarray@0.0.6 from lock file\nnpm error Missing: minimist@1.2.8 from lock file\nnpm error Missing: is-promise@4.0.0 from lock file\nnpm error Invalid: lock file's path-to-regexp@0.1.12 does not satisfy path-to-regexp@8.2.0\nnpm error Missing: mime-types@3.0.1 from lock file\nnpm error Invalid: lock file's media-typer@0.3.0 does not satisfy media-typer@1.1.0\nnpm error Missing: mime-types@3.0.1 from lock file\nnpm error Missing: mime-db@1.54.0 from lock file\nnpm error Missing: core-util-is@1.0.3 from lock file\nnpm error Missing: isarray@1.0.0 from lock file\nnpm error Missing: process-nextick-args@2.0.1 from lock file\nnpm error Missing: safe-buffer@5.1.2 from lock file\nnpm error Missing: string_decoder@1.1.1 from lock file\nnpm error Missing: mime-db@1.54.0 from lock file\nnpm error Missing: accepts@1.3.8 from lock file\nnpm error Missing: body-parser@1.20.3 from lock file\nnpm error Missing: content-disposition@0.5.4 from lock file\nnpm error Missing: cookie-signature@1.0.6 from lock file\nnpm error Missing: debug@2.6.9 from lock file\nnpm error Missing: finalhandler@1.3.1 from lock file\nnpm error Missing: fresh@0.5.2 from lock file\nnpm error Missing: merge-descriptors@1.0.3 from lock file\nnpm error Missing: path-to-regexp@0.1.12 from lock file\nnpm error Missing: qs@6.13.0 from lock file\nnpm error Missing: send@0.19.0 from lock file\nnpm error Missing: serve-static@1.16.2 from lock file\nnpm error Missing: type-is@1.6.18 from lock file\nnpm error Missing: negotiator@0.6.3 from lock file\nnpm error Missing: iconv-lite@0.4.24 from lock file\nnpm error Missing: raw-body@2.5.2 from lock file\nnpm error Missing: ms@2.0.0 from lock file\nnpm error Missing: encodeurl@1.0.2 from lock file\nnpm error Missing: mime@1.6.0 from lock file\nnpm error Missing: media-typer@0.3.0 from lock file\nnpm error Missing: media-typer@0.3.0 from lock file\nnpm error Missing: mime-db@1.54.0 from lock file\nnpm error Missing: mime-db@1.54.0 from lock file\nnpm error\nnpm error Clean install a project\nnpm error\nnpm error Usage:\nnpm error npm ci\nnpm error\nnpm error Options:\nnpm error [--install-strategy <hoisted|nested|shallow|linked>] [--legacy-bundling]\nnpm error [--global-style] [--omit <dev|optional|peer> [--omit <dev|optional|peer> ...]]\nnpm error [--include <prod|dev|optional|peer> [--include <prod|dev|optional|peer> ...]]\nnpm error [--strict-peer-deps] [--foreground-scripts] [--ignore-scripts] [--no-audit]\nnpm error [--no-bin-links] [--no-fund] [--dry-run]\nnpm error [-w|--workspace <workspace-name> [-w|--workspace <workspace-name> ...]]\nnpm error [-ws|--workspaces] [--include-workspace-root] [--install-links]\nnpm error\nnpm error aliases: clean-install, ic, install-clean, isntall-clean\nnpm error\nnpm error Run \"npm help ci\" for more info\nnpm error A complete log of this run can be found in: /www-data-home/.npm/_logs/2025-05-08T07_19_06_787Z-debug-0.log. For more details see the logs at https://console.cloud.google.com/cloud-build/builds;region=us-central1/6e450aa4-0216-46b8-981e-b23c61f9ea17?project=779170517044."
    },
    "status": 3,
    "code": 3
  }
}
[debug] [2025-05-08T07:19:27.608Z] Error: Failed to update function sendEmailTemporary in region us-central1
    at /Users/t-daichi/.nvm/versions/node/v22.15.0/lib/node_modules/firebase-tools/lib/deploy/functions/release/fabricator.js:399:19
    at process.processTicksAndRejections (node:internal/process/task_queues:105:5)
    at async Fabricator.updateV2Function (/Users/t-daichi/.nvm/versions/node/v22.15.0/lib/node_modules/firebase-tools/lib/deploy/functions/release/fabricator.js:388:32)
    at async Fabricator.updateEndpoint (/Users/t-daichi/.nvm/versions/node/v22.15.0/lib/node_modules/firebase-tools/lib/deploy/functions/release/fabricator.js:155:13)
    at async handle (/Users/t-daichi/.nvm/versions/node/v22.15.0/lib/node_modules/firebase-tools/lib/deploy/functions/release/fabricator.js:89:17)
[error] 
[error] Error: There was an error deploying functions
